;  LST file generated by mikroListExporter - v.2.0 
; Date/Time: 13.7.2017 14:28:05
;----------------------------------------------

;Address Opcode 	ASM
0x0000	0x2BE1      	GOTO       993
_interrupt:
0x0004	0x00FF      	MOVWF      R15
0x0005	0x0E03      	SWAPF      STATUS, 0
0x0006	0x0183      	CLRF       STATUS
0x0007	0x00D2      	MOVWF      ___saveSTATUS
0x0008	0x080A      	MOVF       PCLATH, 0
0x0009	0x00D1      	MOVWF      ___savePCLATH
0x000A	0x018A      	CLRF       PCLATH
;Timer1_Interrupt.c,45 :: 		void interrupt() {
;Timer1_Interrupt.c,46 :: 		if (TMR1IF_bit) {
0x000B	0x1C0C      	BTFSS      TMR1IF_bit, 0
0x000C	0x2812      	GOTO       L_interrupt0
;Timer1_Interrupt.c,47 :: 		cnt++;                    // increment counter
0x000D	0x0ACE      	INCF       _cnt, 1
;Timer1_Interrupt.c,48 :: 		TMR1IF_bit = 0;           // clear TMR0IF
0x000E	0x100C      	BCF        TMR1IF_bit, 0
;Timer1_Interrupt.c,49 :: 		TMR1H = 0x80;
0x000F	0x3080      	MOVLW      128
0x0010	0x008F      	MOVWF      TMR1H
;Timer1_Interrupt.c,50 :: 		TMR1L = 0x00;
0x0011	0x018E      	CLRF       TMR1L
;Timer1_Interrupt.c,51 :: 		}
L_interrupt0:
;Timer1_Interrupt.c,53 :: 		if (TMR0IF_bit) {
0x0012	0x1D0B      	BTFSS      TMR0IF_bit, 2
0x0013	0x281B      	GOTO       L_interrupt1
;Timer1_Interrupt.c,54 :: 		imp=imp+256;                    // increment counter
0x0014	0x3000      	MOVLW      0
0x0015	0x07CF      	ADDWF      _imp, 1
0x0016	0x3001      	MOVLW      1
0x0017	0x1803      	BTFSC      STATUS, 0
0x0018	0x3E01      	ADDLW      1
0x0019	0x07D0      	ADDWF      _imp+1, 1
;Timer1_Interrupt.c,55 :: 		TMR0IF_bit = 0;           // clear TMR0IF
0x001A	0x110B      	BCF        TMR0IF_bit, 2
;Timer1_Interrupt.c,56 :: 		}
L_interrupt1:
;Timer1_Interrupt.c,57 :: 		}
L_end_interrupt:
L__interrupt8:
0x001B	0x0851      	MOVF       ___savePCLATH, 0
0x001C	0x008A      	MOVWF      PCLATH
0x001D	0x0E52      	SWAPF      ___saveSTATUS, 0
0x001E	0x0083      	MOVWF      STATUS
0x001F	0x0EFF      	SWAPF      R15, 1
0x0020	0x0E7F      	SWAPF      R15, 0
0x0021	0x0009      	RETFIE
; end of _interrupt
_Delay_1us:
;__Lib_Delays.c,7 :: 		void Delay_1us() {
;__Lib_Delays.c,8 :: 		Delay_us(1);
0x0022	0x0000      	NOP
0x0023	0x0000      	NOP
;__Lib_Delays.c,9 :: 		}
L_end_Delay_1us:
0x0024	0x0008      	RETURN
; end of _Delay_1us
_Delay_5500us:
;__Lib_Delays.c,31 :: 		void Delay_5500us() {
;__Lib_Delays.c,32 :: 		Delay_us(5500);
0x0025	0x300F      	MOVLW      15
0x0026	0x1283      	BCF        STATUS, 5
0x0027	0x1303      	BCF        STATUS, 6
0x0028	0x00FC      	MOVWF      R12
0x0029	0x3047      	MOVLW      71
0x002A	0x00FD      	MOVWF      R13
L_Delay_5500us5:
0x002B	0x0BFD      	DECFSZ     R13, 1
0x002C	0x282B      	GOTO       L_Delay_5500us5
0x002D	0x0BFC      	DECFSZ     R12, 1
0x002E	0x282B      	GOTO       L_Delay_5500us5
0x002F	0x0000      	NOP
0x0030	0x0000      	NOP
;__Lib_Delays.c,33 :: 		}
L_end_Delay_5500us:
0x0031	0x0008      	RETURN
; end of _Delay_5500us
_Delay_50us:
;__Lib_Delays.c,19 :: 		void Delay_50us() {
;__Lib_Delays.c,20 :: 		Delay_us(50);
0x0032	0x3021      	MOVLW      33
0x0033	0x1283      	BCF        STATUS, 5
0x0034	0x1303      	BCF        STATUS, 6
0x0035	0x00FD      	MOVWF      R13
L_Delay_50us2:
0x0036	0x0BFD      	DECFSZ     R13, 1
0x0037	0x2836      	GOTO       L_Delay_50us2
;__Lib_Delays.c,21 :: 		}
L_end_Delay_50us:
0x0038	0x0008      	RETURN
; end of _Delay_50us
_Div_32x32_U:
;__Lib_Math.c,1317 :: 		
;__Lib_Math.c,1326 :: 		
;__Lib_Math.c,1328 :: 		
0x0039	0x1283      	BCF        STATUS, 5
;__Lib_Math.c,1329 :: 		
0x003A	0x1303      	BCF        STATUS, 6
;__Lib_Math.c,1330 :: 		
0x003B	0x01FB      	CLRF       R11
;__Lib_Math.c,1331 :: 		
0x003C	0x01FA      	CLRF       R10
;__Lib_Math.c,1332 :: 		
0x003D	0x01F9      	CLRF       R9
;__Lib_Math.c,1333 :: 		
0x003E	0x01F8      	CLRF       R8
;__Lib_Math.c,1335 :: 		
0x003F	0x01A0      	CLRF       ___math_tempb
;__Lib_Math.c,1337 :: 		
0x0040	0x0D73      	RLF        R3, 0
;__Lib_Math.c,1338 :: 		
0x0041	0x0DF8      	RLF        R8, 1
;__Lib_Math.c,1339 :: 		
0x0042	0x0874      	MOVF       R4, 0
;__Lib_Math.c,1340 :: 		
0x0043	0x02F8      	SUBWF      R8, 1
;__Lib_Math.c,1341 :: 		
0x0044	0x0875      	MOVF       R5, 0
;__Lib_Math.c,1342 :: 		
0x0045	0x1C03      	BTFSS      STATUS, 0
;__Lib_Math.c,1343 :: 		
0x0046	0x0F75      	INCFSZ     R5, 0
;__Lib_Math.c,1344 :: 		
0x0047	0x02F9      	SUBWF      R9, 1
;__Lib_Math.c,1345 :: 		
0x0048	0x0876      	MOVF       R6, 0
;__Lib_Math.c,1346 :: 		
0x0049	0x1C03      	BTFSS      STATUS, 0
;__Lib_Math.c,1347 :: 		
0x004A	0x0F76      	INCFSZ     R6, 0
;__Lib_Math.c,1348 :: 		
0x004B	0x02FA      	SUBWF      R10, 1
;__Lib_Math.c,1349 :: 		
0x004C	0x0877      	MOVF       R7, 0
;__Lib_Math.c,1350 :: 		
0x004D	0x1C03      	BTFSS      STATUS, 0
;__Lib_Math.c,1351 :: 		
0x004E	0x0F77      	INCFSZ     R7, 0
;__Lib_Math.c,1352 :: 		
0x004F	0x02FB      	SUBWF      R11, 1
;__Lib_Math.c,1354 :: 		
0x0050	0x0100      	CLRW
;__Lib_Math.c,1355 :: 		
0x0051	0x1C03      	BTFSS      STATUS, 0
;__Lib_Math.c,1356 :: 		
0x0052	0x3001      	MOVLW      1
;__Lib_Math.c,1357 :: 		
0x0053	0x02A0      	SUBWF      ___math_tempb, 1
;__Lib_Math.c,1358 :: 		
0x0054	0x0DF3      	RLF        R3, 1
;__Lib_Math.c,1360 :: 		
0x0055	0x3007      	MOVLW      7
;__Lib_Math.c,1361 :: 		
0x0056	0x00FC      	MOVWF      R12
;__Lib_Math.c,1363 :: 		
LOOPU3232A:
;__Lib_Math.c,1364 :: 		
0x0057	0x0D73      	RLF        R3, 0
;__Lib_Math.c,1365 :: 		
0x0058	0x0DF8      	RLF        R8, 1
;__Lib_Math.c,1366 :: 		
0x0059	0x0DF9      	RLF        R9, 1
;__Lib_Math.c,1367 :: 		
0x005A	0x0DFA      	RLF        R10, 1
;__Lib_Math.c,1368 :: 		
0x005B	0x0DFB      	RLF        R11, 1
;__Lib_Math.c,1369 :: 		
0x005C	0x0DA0      	RLF        ___math_tempb, 1
;__Lib_Math.c,1370 :: 		
0x005D	0x0874      	MOVF       R4, 0
;__Lib_Math.c,1371 :: 		
0x005E	0x1C73      	BTFSS      R3, 0
;__Lib_Math.c,1372 :: 		
0x005F	0x2872      	GOTO       UADD22LA
;__Lib_Math.c,1374 :: 		
0x0060	0x02F8      	SUBWF      R8, 1
;__Lib_Math.c,1375 :: 		
0x0061	0x0875      	MOVF       R5, 0
;__Lib_Math.c,1376 :: 		
0x0062	0x1C03      	BTFSS      STATUS, 0
;__Lib_Math.c,1377 :: 		
0x0063	0x0F75      	INCFSZ     R5, 0
;__Lib_Math.c,1378 :: 		
0x0064	0x02F9      	SUBWF      R9, 1
;__Lib_Math.c,1379 :: 		
0x0065	0x0876      	MOVF       R6, 0
;__Lib_Math.c,1380 :: 		
0x0066	0x1C03      	BTFSS      STATUS, 0
;__Lib_Math.c,1381 :: 		
0x0067	0x0F76      	INCFSZ     R6, 0
;__Lib_Math.c,1382 :: 		
0x0068	0x02FA      	SUBWF      R10, 1
;__Lib_Math.c,1383 :: 		
0x0069	0x0877      	MOVF       R7, 0
;__Lib_Math.c,1384 :: 		
0x006A	0x1C03      	BTFSS      STATUS, 0
;__Lib_Math.c,1385 :: 		
0x006B	0x0F77      	INCFSZ     R7, 0
;__Lib_Math.c,1386 :: 		
0x006C	0x02FB      	SUBWF      R11, 1
;__Lib_Math.c,1387 :: 		
0x006D	0x0100      	CLRW
;__Lib_Math.c,1388 :: 		
0x006E	0x1C03      	BTFSS      STATUS, 0
;__Lib_Math.c,1389 :: 		
0x006F	0x3001      	MOVLW      1
;__Lib_Math.c,1390 :: 		
0x0070	0x02A0      	SUBWF      ___math_tempb, 1
;__Lib_Math.c,1391 :: 		
0x0071	0x2883      	GOTO       UOK22LA
;__Lib_Math.c,1393 :: 		
UADD22LA:
;__Lib_Math.c,1394 :: 		
0x0072	0x07F8      	ADDWF      R8, 1
;__Lib_Math.c,1395 :: 		
0x0073	0x0875      	MOVF       R5, 0
;__Lib_Math.c,1396 :: 		
0x0074	0x1803      	BTFSC      STATUS, 0
;__Lib_Math.c,1397 :: 		
0x0075	0x0F75      	INCFSZ     R5, 0
;__Lib_Math.c,1398 :: 		
0x0076	0x07F9      	ADDWF      R9, 1
;__Lib_Math.c,1399 :: 		
0x0077	0x0876      	MOVF       R6, 0
;__Lib_Math.c,1400 :: 		
0x0078	0x1803      	BTFSC      STATUS, 0
;__Lib_Math.c,1401 :: 		
0x0079	0x0F76      	INCFSZ     R6, 0
;__Lib_Math.c,1402 :: 		
0x007A	0x07FA      	ADDWF      R10, 1
;__Lib_Math.c,1403 :: 		
0x007B	0x0877      	MOVF       R7, 0
;__Lib_Math.c,1404 :: 		
0x007C	0x1803      	BTFSC      STATUS, 0
;__Lib_Math.c,1405 :: 		
0x007D	0x0F77      	INCFSZ     R7, 0
;__Lib_Math.c,1406 :: 		
0x007E	0x07FB      	ADDWF      R11, 1
;__Lib_Math.c,1407 :: 		
0x007F	0x0100      	CLRW
;__Lib_Math.c,1408 :: 		
0x0080	0x1803      	BTFSC      STATUS, 0
;__Lib_Math.c,1409 :: 		
0x0081	0x3001      	MOVLW      1
;__Lib_Math.c,1410 :: 		
0x0082	0x07A0      	ADDWF      ___math_tempb, 1
;__Lib_Math.c,1412 :: 		
UOK22LA:
;__Lib_Math.c,1413 :: 		
0x0083	0x0DF3      	RLF        R3, 1
;__Lib_Math.c,1415 :: 		
0x0084	0x0BFC      	DECFSZ     R12, 1
;__Lib_Math.c,1416 :: 		
0x0085	0x2857      	GOTO       LOOPU3232A
;__Lib_Math.c,1418 :: 		
0x0086	0x0D72      	RLF        R2, 0
;__Lib_Math.c,1419 :: 		
0x0087	0x0DF8      	RLF        R8, 1
;__Lib_Math.c,1420 :: 		
0x0088	0x0DF9      	RLF        R9, 1
;__Lib_Math.c,1421 :: 		
0x0089	0x0DFA      	RLF        R10, 1
;__Lib_Math.c,1422 :: 		
0x008A	0x0DFB      	RLF        R11, 1
;__Lib_Math.c,1423 :: 		
0x008B	0x0DA0      	RLF        ___math_tempb, 1
;__Lib_Math.c,1424 :: 		
0x008C	0x0874      	MOVF       R4, 0
;__Lib_Math.c,1425 :: 		
0x008D	0x1C73      	BTFSS      R3, 0
;__Lib_Math.c,1426 :: 		
0x008E	0x28A1      	GOTO       UADD22L8
;__Lib_Math.c,1428 :: 		
0x008F	0x02F8      	SUBWF      R8, 1
;__Lib_Math.c,1429 :: 		
0x0090	0x0875      	MOVF       R5, 0
;__Lib_Math.c,1430 :: 		
0x0091	0x1C03      	BTFSS      STATUS, 0
;__Lib_Math.c,1431 :: 		
0x0092	0x0F75      	INCFSZ     R5, 0
;__Lib_Math.c,1432 :: 		
0x0093	0x02F9      	SUBWF      R9, 1
;__Lib_Math.c,1433 :: 		
0x0094	0x0876      	MOVF       R6, 0
;__Lib_Math.c,1434 :: 		
0x0095	0x1C03      	BTFSS      STATUS, 0
;__Lib_Math.c,1435 :: 		
0x0096	0x0F76      	INCFSZ     R6, 0
;__Lib_Math.c,1436 :: 		
0x0097	0x02FA      	SUBWF      R10, 1
;__Lib_Math.c,1437 :: 		
0x0098	0x0877      	MOVF       R7, 0
;__Lib_Math.c,1438 :: 		
0x0099	0x1C03      	BTFSS      STATUS, 0
;__Lib_Math.c,1439 :: 		
0x009A	0x0F77      	INCFSZ     R7, 0
;__Lib_Math.c,1440 :: 		
0x009B	0x02FB      	SUBWF      R11, 1
;__Lib_Math.c,1441 :: 		
0x009C	0x0100      	CLRW
;__Lib_Math.c,1442 :: 		
0x009D	0x1C03      	BTFSS      STATUS, 0
;__Lib_Math.c,1443 :: 		
0x009E	0x3001      	MOVLW      1
;__Lib_Math.c,1444 :: 		
0x009F	0x02A0      	SUBWF      ___math_tempb, 1
;__Lib_Math.c,1445 :: 		
0x00A0	0x28B2      	GOTO       UOK22L8
;__Lib_Math.c,1447 :: 		
UADD22L8:
;__Lib_Math.c,1448 :: 		
0x00A1	0x07F8      	ADDWF      R8, 1
;__Lib_Math.c,1449 :: 		
0x00A2	0x0875      	MOVF       R5, 0
;__Lib_Math.c,1450 :: 		
0x00A3	0x1803      	BTFSC      STATUS, 0
;__Lib_Math.c,1451 :: 		
0x00A4	0x0F75      	INCFSZ     R5, 0
;__Lib_Math.c,1452 :: 		
0x00A5	0x07F9      	ADDWF      R9, 1
;__Lib_Math.c,1453 :: 		
0x00A6	0x0876      	MOVF       R6, 0
;__Lib_Math.c,1454 :: 		
0x00A7	0x1803      	BTFSC      STATUS, 0
;__Lib_Math.c,1455 :: 		
0x00A8	0x0F76      	INCFSZ     R6, 0
;__Lib_Math.c,1456 :: 		
0x00A9	0x07FA      	ADDWF      R10, 1
;__Lib_Math.c,1457 :: 		
0x00AA	0x0877      	MOVF       R7, 0
;__Lib_Math.c,1458 :: 		
0x00AB	0x1803      	BTFSC      STATUS, 0
;__Lib_Math.c,1459 :: 		
0x00AC	0x0F77      	INCFSZ     R7, 0
;__Lib_Math.c,1460 :: 		
0x00AD	0x07FB      	ADDWF      R11, 1
;__Lib_Math.c,1461 :: 		
0x00AE	0x0100      	CLRW
;__Lib_Math.c,1462 :: 		
0x00AF	0x1803      	BTFSC      STATUS, 0
;__Lib_Math.c,1463 :: 		
0x00B0	0x3001      	MOVLW      1
;__Lib_Math.c,1464 :: 		
0x00B1	0x07A0      	ADDWF      ___math_tempb, 1
;__Lib_Math.c,1466 :: 		
UOK22L8:
;__Lib_Math.c,1467 :: 		
0x00B2	0x0DF2      	RLF        R2, 1
;__Lib_Math.c,1469 :: 		
0x00B3	0x3007      	MOVLW      7
;__Lib_Math.c,1470 :: 		
0x00B4	0x00FC      	MOVWF      R12
;__Lib_Math.c,1472 :: 		
LOOPU3232B:
;__Lib_Math.c,1473 :: 		
0x00B5	0x0D72      	RLF        R2, 0
;__Lib_Math.c,1474 :: 		
0x00B6	0x0DF8      	RLF        R8, 1
;__Lib_Math.c,1475 :: 		
0x00B7	0x0DF9      	RLF        R9, 1
;__Lib_Math.c,1476 :: 		
0x00B8	0x0DFA      	RLF        R10, 1
;__Lib_Math.c,1477 :: 		
0x00B9	0x0DFB      	RLF        R11, 1
;__Lib_Math.c,1478 :: 		
0x00BA	0x0DA0      	RLF        ___math_tempb, 1
;__Lib_Math.c,1479 :: 		
0x00BB	0x0874      	MOVF       R4, 0
;__Lib_Math.c,1480 :: 		
0x00BC	0x1C72      	BTFSS      R2, 0
;__Lib_Math.c,1481 :: 		
0x00BD	0x28D0      	GOTO       UADD22LB
;__Lib_Math.c,1483 :: 		
0x00BE	0x02F8      	SUBWF      R8, 1
;__Lib_Math.c,1484 :: 		
0x00BF	0x0875      	MOVF       R5, 0
;__Lib_Math.c,1485 :: 		
0x00C0	0x1C03      	BTFSS      STATUS, 0
;__Lib_Math.c,1486 :: 		
0x00C1	0x0F75      	INCFSZ     R5, 0
;__Lib_Math.c,1487 :: 		
0x00C2	0x02F9      	SUBWF      R9, 1
;__Lib_Math.c,1488 :: 		
0x00C3	0x0876      	MOVF       R6, 0
;__Lib_Math.c,1489 :: 		
0x00C4	0x1C03      	BTFSS      STATUS, 0
;__Lib_Math.c,1490 :: 		
0x00C5	0x0F76      	INCFSZ     R6, 0
;__Lib_Math.c,1491 :: 		
0x00C6	0x02FA      	SUBWF      R10, 1
;__Lib_Math.c,1492 :: 		
0x00C7	0x0877      	MOVF       R7, 0
;__Lib_Math.c,1493 :: 		
0x00C8	0x1C03      	BTFSS      STATUS, 0
;__Lib_Math.c,1494 :: 		
0x00C9	0x0F77      	INCFSZ     R7, 0
;__Lib_Math.c,1495 :: 		
0x00CA	0x02FB      	SUBWF      R11, 1
;__Lib_Math.c,1496 :: 		
0x00CB	0x0100      	CLRW
;__Lib_Math.c,1497 :: 		
0x00CC	0x1C03      	BTFSS      STATUS, 0
;__Lib_Math.c,1498 :: 		
0x00CD	0x3001      	MOVLW      1
;__Lib_Math.c,1499 :: 		
0x00CE	0x02A0      	SUBWF      ___math_tempb, 1
;__Lib_Math.c,1500 :: 		
0x00CF	0x28E1      	GOTO       UOK22LB
;__Lib_Math.c,1502 :: 		
UADD22LB:
;__Lib_Math.c,1503 :: 		
0x00D0	0x07F8      	ADDWF      R8, 1
;__Lib_Math.c,1504 :: 		
0x00D1	0x0875      	MOVF       R5, 0
;__Lib_Math.c,1505 :: 		
0x00D2	0x1803      	BTFSC      STATUS, 0
;__Lib_Math.c,1506 :: 		
0x00D3	0x0F75      	INCFSZ     R5, 0
;__Lib_Math.c,1507 :: 		
0x00D4	0x07F9      	ADDWF      R9, 1
;__Lib_Math.c,1508 :: 		
0x00D5	0x0876      	MOVF       R6, 0
;__Lib_Math.c,1509 :: 		
0x00D6	0x1803      	BTFSC      STATUS, 0
;__Lib_Math.c,1510 :: 		
0x00D7	0x0F76      	INCFSZ     R6, 0
;__Lib_Math.c,1511 :: 		
0x00D8	0x07FA      	ADDWF      R10, 1
;__Lib_Math.c,1512 :: 		
0x00D9	0x0877      	MOVF       R7, 0
;__Lib_Math.c,1513 :: 		
0x00DA	0x1803      	BTFSC      STATUS, 0
;__Lib_Math.c,1514 :: 		
0x00DB	0x0F77      	INCFSZ     R7, 0
;__Lib_Math.c,1515 :: 		
0x00DC	0x07FB      	ADDWF      R11, 1
;__Lib_Math.c,1516 :: 		
0x00DD	0x0100      	CLRW
;__Lib_Math.c,1517 :: 		
0x00DE	0x1803      	BTFSC      STATUS, 0
;__Lib_Math.c,1518 :: 		
0x00DF	0x3001      	MOVLW      1
;__Lib_Math.c,1519 :: 		
0x00E0	0x07A0      	ADDWF      ___math_tempb, 1
;__Lib_Math.c,1521 :: 		
UOK22LB:
;__Lib_Math.c,1522 :: 		
0x00E1	0x0DF2      	RLF        R2, 1
;__Lib_Math.c,1524 :: 		
0x00E2	0x0BFC      	DECFSZ     R12, 1
;__Lib_Math.c,1525 :: 		
0x00E3	0x28B5      	GOTO       LOOPU3232B
;__Lib_Math.c,1527 :: 		
0x00E4	0x0D71      	RLF        R1, 0
;__Lib_Math.c,1528 :: 		
0x00E5	0x0DF8      	RLF        R8, 1
;__Lib_Math.c,1529 :: 		
0x00E6	0x0DF9      	RLF        R9, 1
;__Lib_Math.c,1530 :: 		
0x00E7	0x0DFA      	RLF        R10, 1
;__Lib_Math.c,1531 :: 		
0x00E8	0x0DFB      	RLF        R11, 1
;__Lib_Math.c,1532 :: 		
0x00E9	0x0DA0      	RLF        ___math_tempb, 1
;__Lib_Math.c,1533 :: 		
0x00EA	0x0874      	MOVF       R4, 0
;__Lib_Math.c,1534 :: 		
0x00EB	0x1C72      	BTFSS      R2, 0
;__Lib_Math.c,1535 :: 		
0x00EC	0x28FF      	GOTO       UADD22L16
;__Lib_Math.c,1537 :: 		
0x00ED	0x02F8      	SUBWF      R8, 1
;__Lib_Math.c,1538 :: 		
0x00EE	0x0875      	MOVF       R5, 0
;__Lib_Math.c,1539 :: 		
0x00EF	0x1C03      	BTFSS      STATUS, 0
;__Lib_Math.c,1540 :: 		
0x00F0	0x0F75      	INCFSZ     R5, 0
;__Lib_Math.c,1541 :: 		
0x00F1	0x02F9      	SUBWF      R9, 1
;__Lib_Math.c,1542 :: 		
0x00F2	0x0876      	MOVF       R6, 0
;__Lib_Math.c,1543 :: 		
0x00F3	0x1C03      	BTFSS      STATUS, 0
;__Lib_Math.c,1544 :: 		
0x00F4	0x0F76      	INCFSZ     R6, 0
;__Lib_Math.c,1545 :: 		
0x00F5	0x02FA      	SUBWF      R10, 1
;__Lib_Math.c,1546 :: 		
0x00F6	0x0877      	MOVF       R7, 0
;__Lib_Math.c,1547 :: 		
0x00F7	0x1C03      	BTFSS      STATUS, 0
;__Lib_Math.c,1548 :: 		
0x00F8	0x0F77      	INCFSZ     R7, 0
;__Lib_Math.c,1549 :: 		
0x00F9	0x02FB      	SUBWF      R11, 1
;__Lib_Math.c,1550 :: 		
0x00FA	0x0100      	CLRW
;__Lib_Math.c,1551 :: 		
0x00FB	0x1C03      	BTFSS      STATUS, 0
;__Lib_Math.c,1552 :: 		
0x00FC	0x3001      	MOVLW      1
;__Lib_Math.c,1553 :: 		
0x00FD	0x02A0      	SUBWF      ___math_tempb, 1
;__Lib_Math.c,1554 :: 		
0x00FE	0x2910      	GOTO       UOK22L16
;__Lib_Math.c,1556 :: 		
UADD22L16:
;__Lib_Math.c,1557 :: 		
0x00FF	0x07F8      	ADDWF      R8, 1
;__Lib_Math.c,1558 :: 		
0x0100	0x0875      	MOVF       R5, 0
;__Lib_Math.c,1559 :: 		
0x0101	0x1803      	BTFSC      STATUS, 0
;__Lib_Math.c,1560 :: 		
0x0102	0x0F75      	INCFSZ     R5, 0
;__Lib_Math.c,1561 :: 		
0x0103	0x07F9      	ADDWF      R9, 1
;__Lib_Math.c,1562 :: 		
0x0104	0x0876      	MOVF       R6, 0
;__Lib_Math.c,1563 :: 		
0x0105	0x1803      	BTFSC      STATUS, 0
;__Lib_Math.c,1564 :: 		
0x0106	0x0F76      	INCFSZ     R6, 0
;__Lib_Math.c,1565 :: 		
0x0107	0x07FA      	ADDWF      R10, 1
;__Lib_Math.c,1566 :: 		
0x0108	0x0877      	MOVF       R7, 0
;__Lib_Math.c,1567 :: 		
0x0109	0x1803      	BTFSC      STATUS, 0
;__Lib_Math.c,1568 :: 		
0x010A	0x0F77      	INCFSZ     R7, 0
;__Lib_Math.c,1569 :: 		
0x010B	0x07FB      	ADDWF      R11, 1
;__Lib_Math.c,1570 :: 		
0x010C	0x0100      	CLRW
;__Lib_Math.c,1571 :: 		
0x010D	0x1803      	BTFSC      STATUS, 0
;__Lib_Math.c,1572 :: 		
0x010E	0x3001      	MOVLW      1
;__Lib_Math.c,1573 :: 		
0x010F	0x07A0      	ADDWF      ___math_tempb, 1
;__Lib_Math.c,1575 :: 		
UOK22L16:
;__Lib_Math.c,1576 :: 		
0x0110	0x0DF1      	RLF        R1, 1
;__Lib_Math.c,1578 :: 		
0x0111	0x3007      	MOVLW      7
;__Lib_Math.c,1579 :: 		
0x0112	0x00FC      	MOVWF      R12
;__Lib_Math.c,1581 :: 		
LOOPU3232C:
;__Lib_Math.c,1582 :: 		
0x0113	0x0D71      	RLF        R1, 0
;__Lib_Math.c,1583 :: 		
0x0114	0x0DF8      	RLF        R8, 1
;__Lib_Math.c,1584 :: 		
0x0115	0x0DF9      	RLF        R9, 1
;__Lib_Math.c,1585 :: 		
0x0116	0x0DFA      	RLF        R10, 1
;__Lib_Math.c,1586 :: 		
0x0117	0x0DFB      	RLF        R11, 1
;__Lib_Math.c,1587 :: 		
0x0118	0x0DA0      	RLF        ___math_tempb, 1
;__Lib_Math.c,1588 :: 		
0x0119	0x0874      	MOVF       R4, 0
;__Lib_Math.c,1589 :: 		
0x011A	0x1C71      	BTFSS      R1, 0
;__Lib_Math.c,1590 :: 		
0x011B	0x292E      	GOTO       UADD22LC
;__Lib_Math.c,1592 :: 		
0x011C	0x02F8      	SUBWF      R8, 1
;__Lib_Math.c,1593 :: 		
0x011D	0x0875      	MOVF       R5, 0
;__Lib_Math.c,1594 :: 		
0x011E	0x1C03      	BTFSS      STATUS, 0
;__Lib_Math.c,1595 :: 		
0x011F	0x0F75      	INCFSZ     R5, 0
;__Lib_Math.c,1596 :: 		
0x0120	0x02F9      	SUBWF      R9, 1
;__Lib_Math.c,1597 :: 		
0x0121	0x0876      	MOVF       R6, 0
;__Lib_Math.c,1598 :: 		
0x0122	0x1C03      	BTFSS      STATUS, 0
;__Lib_Math.c,1599 :: 		
0x0123	0x0F76      	INCFSZ     R6, 0
;__Lib_Math.c,1600 :: 		
0x0124	0x02FA      	SUBWF      R10, 1
;__Lib_Math.c,1601 :: 		
0x0125	0x0877      	MOVF       R7, 0
;__Lib_Math.c,1602 :: 		
0x0126	0x1C03      	BTFSS      STATUS, 0
;__Lib_Math.c,1603 :: 		
0x0127	0x0F77      	INCFSZ     R7, 0
;__Lib_Math.c,1604 :: 		
0x0128	0x02FB      	SUBWF      R11, 1
;__Lib_Math.c,1605 :: 		
0x0129	0x0100      	CLRW
;__Lib_Math.c,1606 :: 		
0x012A	0x1C03      	BTFSS      STATUS, 0
;__Lib_Math.c,1607 :: 		
0x012B	0x3001      	MOVLW      1
;__Lib_Math.c,1608 :: 		
0x012C	0x02A0      	SUBWF      ___math_tempb, 1
;__Lib_Math.c,1609 :: 		
0x012D	0x293F      	GOTO       UOK22LC
;__Lib_Math.c,1611 :: 		
UADD22LC:
;__Lib_Math.c,1612 :: 		
0x012E	0x07F8      	ADDWF      R8, 1
;__Lib_Math.c,1613 :: 		
0x012F	0x0875      	MOVF       R5, 0
;__Lib_Math.c,1614 :: 		
0x0130	0x1803      	BTFSC      STATUS, 0
;__Lib_Math.c,1615 :: 		
0x0131	0x0F75      	INCFSZ     R5, 0
;__Lib_Math.c,1616 :: 		
0x0132	0x07F9      	ADDWF      R9, 1
;__Lib_Math.c,1617 :: 		
0x0133	0x0876      	MOVF       R6, 0
;__Lib_Math.c,1618 :: 		
0x0134	0x1803      	BTFSC      STATUS, 0
;__Lib_Math.c,1619 :: 		
0x0135	0x0F76      	INCFSZ     R6, 0
;__Lib_Math.c,1620 :: 		
0x0136	0x07FA      	ADDWF      R10, 1
;__Lib_Math.c,1621 :: 		
0x0137	0x0877      	MOVF       R7, 0
;__Lib_Math.c,1622 :: 		
0x0138	0x1803      	BTFSC      STATUS, 0
;__Lib_Math.c,1623 :: 		
0x0139	0x0F77      	INCFSZ     R7, 0
;__Lib_Math.c,1624 :: 		
0x013A	0x07FB      	ADDWF      R11, 1
;__Lib_Math.c,1625 :: 		
0x013B	0x0100      	CLRW
;__Lib_Math.c,1626 :: 		
0x013C	0x1803      	BTFSC      STATUS, 0
;__Lib_Math.c,1627 :: 		
0x013D	0x3001      	MOVLW      1
;__Lib_Math.c,1628 :: 		
0x013E	0x07A0      	ADDWF      ___math_tempb, 1
;__Lib_Math.c,1630 :: 		
UOK22LC:
;__Lib_Math.c,1631 :: 		
0x013F	0x0DF1      	RLF        R1, 1
;__Lib_Math.c,1633 :: 		
0x0140	0x0BFC      	DECFSZ     R12, 1
;__Lib_Math.c,1634 :: 		
0x0141	0x2913      	GOTO       LOOPU3232C
;__Lib_Math.c,1636 :: 		
0x0142	0x0D70      	RLF        R0, 0
;__Lib_Math.c,1637 :: 		
0x0143	0x0DF8      	RLF        R8, 1
;__Lib_Math.c,1638 :: 		
0x0144	0x0DF9      	RLF        R9, 1
;__Lib_Math.c,1639 :: 		
0x0145	0x0DFA      	RLF        R10, 1
;__Lib_Math.c,1640 :: 		
0x0146	0x0DFB      	RLF        R11, 1
;__Lib_Math.c,1641 :: 		
0x0147	0x0DA0      	RLF        ___math_tempb, 1
;__Lib_Math.c,1642 :: 		
0x0148	0x0874      	MOVF       R4, 0
;__Lib_Math.c,1643 :: 		
0x0149	0x1C71      	BTFSS      R1, 0
;__Lib_Math.c,1644 :: 		
0x014A	0x295D      	GOTO       UADD22L24
;__Lib_Math.c,1646 :: 		
0x014B	0x02F8      	SUBWF      R8, 1
;__Lib_Math.c,1647 :: 		
0x014C	0x0875      	MOVF       R5, 0
;__Lib_Math.c,1648 :: 		
0x014D	0x1C03      	BTFSS      STATUS, 0
;__Lib_Math.c,1649 :: 		
0x014E	0x0F75      	INCFSZ     R5, 0
;__Lib_Math.c,1650 :: 		
0x014F	0x02F9      	SUBWF      R9, 1
;__Lib_Math.c,1651 :: 		
0x0150	0x0876      	MOVF       R6, 0
;__Lib_Math.c,1652 :: 		
0x0151	0x1C03      	BTFSS      STATUS, 0
;__Lib_Math.c,1653 :: 		
0x0152	0x0F76      	INCFSZ     R6, 0
;__Lib_Math.c,1654 :: 		
0x0153	0x02FA      	SUBWF      R10, 1
;__Lib_Math.c,1655 :: 		
0x0154	0x0877      	MOVF       R7, 0
;__Lib_Math.c,1656 :: 		
0x0155	0x1C03      	BTFSS      STATUS, 0
;__Lib_Math.c,1657 :: 		
0x0156	0x0F77      	INCFSZ     R7, 0
;__Lib_Math.c,1658 :: 		
0x0157	0x02FB      	SUBWF      R11, 1
;__Lib_Math.c,1659 :: 		
0x0158	0x0100      	CLRW
;__Lib_Math.c,1660 :: 		
0x0159	0x1C03      	BTFSS      STATUS, 0
;__Lib_Math.c,1661 :: 		
0x015A	0x3001      	MOVLW      1
;__Lib_Math.c,1662 :: 		
0x015B	0x02A0      	SUBWF      ___math_tempb, 1
;__Lib_Math.c,1663 :: 		
0x015C	0x296E      	GOTO       UOK22L24
;__Lib_Math.c,1665 :: 		
UADD22L24:
;__Lib_Math.c,1666 :: 		
0x015D	0x07F8      	ADDWF      R8, 1
;__Lib_Math.c,1667 :: 		
0x015E	0x0875      	MOVF       R5, 0
;__Lib_Math.c,1668 :: 		
0x015F	0x1803      	BTFSC      STATUS, 0
;__Lib_Math.c,1669 :: 		
0x0160	0x0F75      	INCFSZ     R5, 0
;__Lib_Math.c,1670 :: 		
0x0161	0x07F9      	ADDWF      R9, 1
;__Lib_Math.c,1671 :: 		
0x0162	0x0876      	MOVF       R6, 0
;__Lib_Math.c,1672 :: 		
0x0163	0x1803      	BTFSC      STATUS, 0
;__Lib_Math.c,1673 :: 		
0x0164	0x0F76      	INCFSZ     R6, 0
;__Lib_Math.c,1674 :: 		
0x0165	0x07FA      	ADDWF      R10, 1
;__Lib_Math.c,1675 :: 		
0x0166	0x0877      	MOVF       R7, 0
;__Lib_Math.c,1676 :: 		
0x0167	0x1803      	BTFSC      STATUS, 0
;__Lib_Math.c,1677 :: 		
0x0168	0x0F77      	INCFSZ     R7, 0
;__Lib_Math.c,1678 :: 		
0x0169	0x07FB      	ADDWF      R11, 1
;__Lib_Math.c,1679 :: 		
0x016A	0x0100      	CLRW
;__Lib_Math.c,1680 :: 		
0x016B	0x1803      	BTFSC      STATUS, 0
;__Lib_Math.c,1681 :: 		
0x016C	0x3001      	MOVLW      1
;__Lib_Math.c,1682 :: 		
0x016D	0x07A0      	ADDWF      ___math_tempb, 1
;__Lib_Math.c,1684 :: 		
UOK22L24:
;__Lib_Math.c,1685 :: 		
0x016E	0x0DF0      	RLF        R0, 1
;__Lib_Math.c,1687 :: 		
0x016F	0x3007      	MOVLW      7
;__Lib_Math.c,1688 :: 		
0x0170	0x00FC      	MOVWF      R12
;__Lib_Math.c,1690 :: 		
LOOPU3232D:
;__Lib_Math.c,1691 :: 		
0x0171	0x0D70      	RLF        R0, 0
;__Lib_Math.c,1692 :: 		
0x0172	0x0DF8      	RLF        R8, 1
;__Lib_Math.c,1693 :: 		
0x0173	0x0DF9      	RLF        R9, 1
;__Lib_Math.c,1694 :: 		
0x0174	0x0DFA      	RLF        R10, 1
;__Lib_Math.c,1695 :: 		
0x0175	0x0DFB      	RLF        R11, 1
;__Lib_Math.c,1696 :: 		
0x0176	0x0DA0      	RLF        ___math_tempb, 1
;__Lib_Math.c,1697 :: 		
0x0177	0x0874      	MOVF       R4, 0
;__Lib_Math.c,1698 :: 		
0x0178	0x1C70      	BTFSS      R0, 0
;__Lib_Math.c,1699 :: 		
0x0179	0x298C      	GOTO       UADD22LD
;__Lib_Math.c,1701 :: 		
0x017A	0x02F8      	SUBWF      R8, 1
;__Lib_Math.c,1702 :: 		
0x017B	0x0875      	MOVF       R5, 0
;__Lib_Math.c,1703 :: 		
0x017C	0x1C03      	BTFSS      STATUS, 0
;__Lib_Math.c,1704 :: 		
0x017D	0x0F75      	INCFSZ     R5, 0
;__Lib_Math.c,1705 :: 		
0x017E	0x02F9      	SUBWF      R9, 1
;__Lib_Math.c,1706 :: 		
0x017F	0x0876      	MOVF       R6, 0
;__Lib_Math.c,1707 :: 		
0x0180	0x1C03      	BTFSS      STATUS, 0
;__Lib_Math.c,1708 :: 		
0x0181	0x0F76      	INCFSZ     R6, 0
;__Lib_Math.c,1709 :: 		
0x0182	0x02FA      	SUBWF      R10, 1
;__Lib_Math.c,1710 :: 		
0x0183	0x0877      	MOVF       R7, 0
;__Lib_Math.c,1711 :: 		
0x0184	0x1C03      	BTFSS      STATUS, 0
;__Lib_Math.c,1712 :: 		
0x0185	0x0F77      	INCFSZ     R7, 0
;__Lib_Math.c,1713 :: 		
0x0186	0x02FB      	SUBWF      R11, 1
;__Lib_Math.c,1714 :: 		
0x0187	0x0100      	CLRW
;__Lib_Math.c,1715 :: 		
0x0188	0x1C03      	BTFSS      STATUS, 0
;__Lib_Math.c,1716 :: 		
0x0189	0x3001      	MOVLW      1
;__Lib_Math.c,1717 :: 		
0x018A	0x02A0      	SUBWF      ___math_tempb, 1
;__Lib_Math.c,1718 :: 		
0x018B	0x299D      	GOTO       UOK22LD
;__Lib_Math.c,1720 :: 		
UADD22LD:
;__Lib_Math.c,1721 :: 		
0x018C	0x07F8      	ADDWF      R8, 1
;__Lib_Math.c,1722 :: 		
0x018D	0x0875      	MOVF       R5, 0
;__Lib_Math.c,1723 :: 		
0x018E	0x1803      	BTFSC      STATUS, 0
;__Lib_Math.c,1724 :: 		
0x018F	0x0F75      	INCFSZ     R5, 0
;__Lib_Math.c,1725 :: 		
0x0190	0x07F9      	ADDWF      R9, 1
;__Lib_Math.c,1726 :: 		
0x0191	0x0876      	MOVF       R6, 0
;__Lib_Math.c,1727 :: 		
0x0192	0x1803      	BTFSC      STATUS, 0
;__Lib_Math.c,1728 :: 		
0x0193	0x0F76      	INCFSZ     R6, 0
;__Lib_Math.c,1729 :: 		
0x0194	0x07FA      	ADDWF      R10, 1
;__Lib_Math.c,1730 :: 		
0x0195	0x0877      	MOVF       R7, 0
;__Lib_Math.c,1731 :: 		
0x0196	0x1803      	BTFSC      STATUS, 0
;__Lib_Math.c,1732 :: 		
0x0197	0x0F77      	INCFSZ     R7, 0
;__Lib_Math.c,1733 :: 		
0x0198	0x07FB      	ADDWF      R11, 1
;__Lib_Math.c,1734 :: 		
0x0199	0x0100      	CLRW
;__Lib_Math.c,1735 :: 		
0x019A	0x1803      	BTFSC      STATUS, 0
;__Lib_Math.c,1736 :: 		
0x019B	0x3001      	MOVLW      1
;__Lib_Math.c,1737 :: 		
0x019C	0x07A0      	ADDWF      ___math_tempb, 1
;__Lib_Math.c,1739 :: 		
UOK22LD:
;__Lib_Math.c,1740 :: 		
0x019D	0x0DF0      	RLF        R0, 1
;__Lib_Math.c,1742 :: 		
0x019E	0x0BFC      	DECFSZ     R12, 1
;__Lib_Math.c,1743 :: 		
0x019F	0x2971      	GOTO       LOOPU3232D
;__Lib_Math.c,1745 :: 		
0x01A0	0x1870      	BTFSC      R0, 0
;__Lib_Math.c,1746 :: 		
0x01A1	0x29B0      	GOTO       UOK22L
;__Lib_Math.c,1747 :: 		
0x01A2	0x0874      	MOVF       R4, 0
;__Lib_Math.c,1748 :: 		
0x01A3	0x07F8      	ADDWF      R8, 1
;__Lib_Math.c,1749 :: 		
0x01A4	0x0875      	MOVF       R5, 0
;__Lib_Math.c,1750 :: 		
0x01A5	0x1803      	BTFSC      STATUS, 0
;__Lib_Math.c,1751 :: 		
0x01A6	0x0F75      	INCFSZ     R5, 0
;__Lib_Math.c,1752 :: 		
0x01A7	0x07F9      	ADDWF      R9, 1
;__Lib_Math.c,1753 :: 		
0x01A8	0x0876      	MOVF       R6, 0
;__Lib_Math.c,1754 :: 		
0x01A9	0x1803      	BTFSC      STATUS, 0
;__Lib_Math.c,1755 :: 		
0x01AA	0x0F76      	INCFSZ     R6, 0
;__Lib_Math.c,1756 :: 		
0x01AB	0x07FA      	ADDWF      R10, 1
;__Lib_Math.c,1757 :: 		
0x01AC	0x0877      	MOVF       R7, 0
;__Lib_Math.c,1758 :: 		
0x01AD	0x1803      	BTFSC      STATUS, 0
;__Lib_Math.c,1759 :: 		
0x01AE	0x0F77      	INCFSZ     R7, 0
;__Lib_Math.c,1760 :: 		
0x01AF	0x07FB      	ADDWF      R11, 1
;__Lib_Math.c,1762 :: 		
UOK22L:
;__Lib_Math.c,1765 :: 		
L_end_Div_32x32_U:
0x01B0	0x0008      	RETURN
; end of _Div_32x32_U
_Lcd_Cmd:
;__Lib_Lcd.c,18 :: 		
;__Lib_Lcd.c,20 :: 		
0x01B1	0x1283      	BCF        STATUS, 5
0x01B2	0x1303      	BCF        STATUS, 6
0x01B3	0x1BE8      	BTFSC      FARG_Lcd_Cmd_out_char, 7
0x01B4	0x29B7      	GOTO       L__Lcd_Cmd21
0x01B5	0x1186      	BCF        LCD_D7, BitPos(LCD_D7+0)
0x01B6	0x29B8      	GOTO       L__Lcd_Cmd22
L__Lcd_Cmd21:
0x01B7	0x1586      	BSF        LCD_D7, BitPos(LCD_D7+0)
L__Lcd_Cmd22:
;__Lib_Lcd.c,21 :: 		
0x01B8	0x1B68      	BTFSC      FARG_Lcd_Cmd_out_char, 6
0x01B9	0x29BC      	GOTO       L__Lcd_Cmd23
0x01BA	0x1106      	BCF        LCD_D6, BitPos(LCD_D6+0)
0x01BB	0x29BD      	GOTO       L__Lcd_Cmd24
L__Lcd_Cmd23:
0x01BC	0x1506      	BSF        LCD_D6, BitPos(LCD_D6+0)
L__Lcd_Cmd24:
;__Lib_Lcd.c,22 :: 		
0x01BD	0x1AE8      	BTFSC      FARG_Lcd_Cmd_out_char, 5
0x01BE	0x29C1      	GOTO       L__Lcd_Cmd25
0x01BF	0x1086      	BCF        LCD_D5, BitPos(LCD_D5+0)
0x01C0	0x29C2      	GOTO       L__Lcd_Cmd26
L__Lcd_Cmd25:
0x01C1	0x1486      	BSF        LCD_D5, BitPos(LCD_D5+0)
L__Lcd_Cmd26:
;__Lib_Lcd.c,23 :: 		
0x01C2	0x1A68      	BTFSC      FARG_Lcd_Cmd_out_char, 4
0x01C3	0x29C6      	GOTO       L__Lcd_Cmd27
0x01C4	0x1006      	BCF        LCD_D4, BitPos(LCD_D4+0)
0x01C5	0x29C7      	GOTO       L__Lcd_Cmd28
L__Lcd_Cmd27:
0x01C6	0x1406      	BSF        LCD_D4, BitPos(LCD_D4+0)
L__Lcd_Cmd28:
;__Lib_Lcd.c,25 :: 		
0x01C7	0x183B      	BTFSC      __Lib_Lcd_cmd_status, BitPos(__Lib_Lcd_cmd_status+0)
0x01C8	0x29CB      	GOTO       L__Lcd_Cmd29
0x01C9	0x1606      	BSF        LCD_RS, BitPos(LCD_RS+0)
0x01CA	0x29CC      	GOTO       L__Lcd_Cmd30
L__Lcd_Cmd29:
0x01CB	0x1206      	BCF        LCD_RS, BitPos(LCD_RS+0)
L__Lcd_Cmd30:
;__Lib_Lcd.c,28 :: 		
0x01CC	0x1686      	BSF        LCD_EN, BitPos(LCD_EN+0)
;__Lib_Lcd.c,29 :: 		
0x01CD	0x2022      	CALL       _Delay_1us
;__Lib_Lcd.c,30 :: 		
0x01CE	0x1286      	BCF        LCD_EN, BitPos(LCD_EN+0)
;__Lib_Lcd.c,33 :: 		
0x01CF	0x19E8      	BTFSC      FARG_Lcd_Cmd_out_char, 3
0x01D0	0x29D3      	GOTO       L__Lcd_Cmd31
0x01D1	0x1186      	BCF        LCD_D7, BitPos(LCD_D7+0)
0x01D2	0x29D4      	GOTO       L__Lcd_Cmd32
L__Lcd_Cmd31:
0x01D3	0x1586      	BSF        LCD_D7, BitPos(LCD_D7+0)
L__Lcd_Cmd32:
;__Lib_Lcd.c,34 :: 		
0x01D4	0x1968      	BTFSC      FARG_Lcd_Cmd_out_char, 2
0x01D5	0x29D8      	GOTO       L__Lcd_Cmd33
0x01D6	0x1106      	BCF        LCD_D6, BitPos(LCD_D6+0)
0x01D7	0x29D9      	GOTO       L__Lcd_Cmd34
L__Lcd_Cmd33:
0x01D8	0x1506      	BSF        LCD_D6, BitPos(LCD_D6+0)
L__Lcd_Cmd34:
;__Lib_Lcd.c,35 :: 		
0x01D9	0x18E8      	BTFSC      FARG_Lcd_Cmd_out_char, 1
0x01DA	0x29DD      	GOTO       L__Lcd_Cmd35
0x01DB	0x1086      	BCF        LCD_D5, BitPos(LCD_D5+0)
0x01DC	0x29DE      	GOTO       L__Lcd_Cmd36
L__Lcd_Cmd35:
0x01DD	0x1486      	BSF        LCD_D5, BitPos(LCD_D5+0)
L__Lcd_Cmd36:
;__Lib_Lcd.c,36 :: 		
0x01DE	0x1868      	BTFSC      FARG_Lcd_Cmd_out_char, 0
0x01DF	0x29E2      	GOTO       L__Lcd_Cmd37
0x01E0	0x1006      	BCF        LCD_D4, BitPos(LCD_D4+0)
0x01E1	0x29E3      	GOTO       L__Lcd_Cmd38
L__Lcd_Cmd37:
0x01E2	0x1406      	BSF        LCD_D4, BitPos(LCD_D4+0)
L__Lcd_Cmd38:
;__Lib_Lcd.c,38 :: 		
0x01E3	0x183B      	BTFSC      __Lib_Lcd_cmd_status, BitPos(__Lib_Lcd_cmd_status+0)
0x01E4	0x29E7      	GOTO       L__Lcd_Cmd39
0x01E5	0x1606      	BSF        LCD_RS, BitPos(LCD_RS+0)
0x01E6	0x29E8      	GOTO       L__Lcd_Cmd40
L__Lcd_Cmd39:
0x01E7	0x1206      	BCF        LCD_RS, BitPos(LCD_RS+0)
L__Lcd_Cmd40:
;__Lib_Lcd.c,40 :: 		
0x01E8	0x1686      	BSF        LCD_EN, BitPos(LCD_EN+0)
;__Lib_Lcd.c,41 :: 		
0x01E9	0x2022      	CALL       _Delay_1us
;__Lib_Lcd.c,42 :: 		
0x01EA	0x1286      	BCF        LCD_EN, BitPos(LCD_EN+0)
;__Lib_Lcd.c,44 :: 		
0x01EB	0x1C3B      	BTFSS      __Lib_Lcd_cmd_status, BitPos(__Lib_Lcd_cmd_status+0)
0x01EC	0x29EF      	GOTO       L_Lcd_Cmd0
;__Lib_Lcd.c,45 :: 		
0x01ED	0x2025      	CALL       _Delay_5500us
0x01EE	0x29F0      	GOTO       L_Lcd_Cmd1
L_Lcd_Cmd0:
;__Lib_Lcd.c,47 :: 		
0x01EF	0x2032      	CALL       _Delay_50us
L_Lcd_Cmd1:
;__Lib_Lcd.c,48 :: 		
L_end_Lcd_Cmd:
0x01F0	0x0008      	RETURN
; end of _Lcd_Cmd
_____DoICP:
;__Lib_System.c,6 :: 		
;__Lib_System.c,9 :: 		
0x01F1	0x1283      	BCF        STATUS, 5
0x01F2	0x1303      	BCF        STATUS, 6
0x01F3	0x083D      	MOVF       ___DoICPAddr+1, 0
0x01F4	0x008A      	MOVWF      PCLATH
;__Lib_System.c,10 :: 		
0x01F5	0x083C      	MOVF       ___DoICPAddr, 0
0x01F6	0x0082      	MOVWF      PCL
;__Lib_System.c,12 :: 		
L_end_____DoICP:
0x01F7	0x0008      	RETURN
; end of _____DoICP
_LongWordToStr:
;__Lib_Conversions.c,209 :: 		
;__Lib_Conversions.c,212 :: 		
0x01F8	0x1283      	BCF        STATUS, 5
0x01F9	0x1303      	BCF        STATUS, 6
0x01FA	0x01E5      	CLRF       LongWordToStr_len_L0
0x01FB	0x01E6      	CLRF       LongWordToStr_len_L0+1
L_LongWordToStr38:
0x01FC	0x3000      	MOVLW      0
0x01FD	0x0266      	SUBWF      LongWordToStr_len_L0+1, 0
0x01FE	0x1D03      	BTFSS      STATUS, 2
0x01FF	0x2A02      	GOTO       L__LongWordToStr122
0x0200	0x300A      	MOVLW      10
0x0201	0x0265      	SUBWF      LongWordToStr_len_L0, 0
L__LongWordToStr122:
0x0202	0x1803      	BTFSC      STATUS, 0
0x0203	0x2A0D      	GOTO       L_LongWordToStr39
;__Lib_Conversions.c,213 :: 		
0x0204	0x0865      	MOVF       LongWordToStr_len_L0, 0
0x0205	0x0764      	ADDWF      FARG_LongWordToStr_output, 0
0x0206	0x0084      	MOVWF      FSR
0x0207	0x3020      	MOVLW      32
0x0208	0x0080      	MOVWF      INDF
;__Lib_Conversions.c,212 :: 		
0x0209	0x0AE5      	INCF       LongWordToStr_len_L0, 1
0x020A	0x1903      	BTFSC      STATUS, 2
0x020B	0x0AE6      	INCF       LongWordToStr_len_L0+1, 1
;__Lib_Conversions.c,213 :: 		
0x020C	0x29FC      	GOTO       L_LongWordToStr38
L_LongWordToStr39:
;__Lib_Conversions.c,214 :: 		
0x020D	0x0865      	MOVF       LongWordToStr_len_L0, 0
0x020E	0x0764      	ADDWF      FARG_LongWordToStr_output, 0
0x020F	0x0084      	MOVWF      FSR
0x0210	0x0180      	CLRF       INDF
0x0211	0x3001      	MOVLW      1
0x0212	0x02E5      	SUBWF      LongWordToStr_len_L0, 1
0x0213	0x1C03      	BTFSS      STATUS, 0
0x0214	0x03E6      	DECF       LongWordToStr_len_L0+1, 1
;__Lib_Conversions.c,216 :: 		
L_LongWordToStr41:
;__Lib_Conversions.c,217 :: 		
0x0215	0x0865      	MOVF       LongWordToStr_len_L0, 0
0x0216	0x0764      	ADDWF      FARG_LongWordToStr_output, 0
0x0217	0x00E7      	MOVWF      FLOC__LongWordToStr
0x0218	0x300A      	MOVLW      10
0x0219	0x00F4      	MOVWF      R4
0x021A	0x01F5      	CLRF       R4+1
0x021B	0x01F6      	CLRF       R4+2
0x021C	0x01F7      	CLRF       R4+3
0x021D	0x0860      	MOVF       FARG_LongWordToStr_input, 0
0x021E	0x00F0      	MOVWF      R0
0x021F	0x0861      	MOVF       FARG_LongWordToStr_input+1, 0
0x0220	0x00F1      	MOVWF      R0+1
0x0221	0x0862      	MOVF       FARG_LongWordToStr_input+2, 0
0x0222	0x00F2      	MOVWF      R0+2
0x0223	0x0863      	MOVF       FARG_LongWordToStr_input+3, 0
0x0224	0x00F3      	MOVWF      R0+3
0x0225	0x2039      	CALL       _Div_32x32_U
0x0226	0x0878      	MOVF       R8, 0
0x0227	0x00F0      	MOVWF      R0
0x0228	0x0879      	MOVF       R8+1, 0
0x0229	0x00F1      	MOVWF      R0+1
0x022A	0x087A      	MOVF       R8+2, 0
0x022B	0x00F2      	MOVWF      R0+2
0x022C	0x087B      	MOVF       R8+3, 0
0x022D	0x00F3      	MOVWF      R0+3
0x022E	0x3030      	MOVLW      48
0x022F	0x0770      	ADDWF      R0, 0
0x0230	0x00F4      	MOVWF      R4
0x0231	0x0867      	MOVF       FLOC__LongWordToStr, 0
0x0232	0x0084      	MOVWF      FSR
0x0233	0x0874      	MOVF       R4, 0
0x0234	0x0080      	MOVWF      INDF
;__Lib_Conversions.c,218 :: 		
0x0235	0x300A      	MOVLW      10
0x0236	0x00F4      	MOVWF      R4
0x0237	0x01F5      	CLRF       R4+1
0x0238	0x01F6      	CLRF       R4+2
0x0239	0x01F7      	CLRF       R4+3
0x023A	0x0860      	MOVF       FARG_LongWordToStr_input, 0
0x023B	0x00F0      	MOVWF      R0
0x023C	0x0861      	MOVF       FARG_LongWordToStr_input+1, 0
0x023D	0x00F1      	MOVWF      R0+1
0x023E	0x0862      	MOVF       FARG_LongWordToStr_input+2, 0
0x023F	0x00F2      	MOVWF      R0+2
0x0240	0x0863      	MOVF       FARG_LongWordToStr_input+3, 0
0x0241	0x00F3      	MOVWF      R0+3
0x0242	0x2039      	CALL       _Div_32x32_U
0x0243	0x0870      	MOVF       R0, 0
0x0244	0x00E0      	MOVWF      FARG_LongWordToStr_input
0x0245	0x0871      	MOVF       R0+1, 0
0x0246	0x00E1      	MOVWF      FARG_LongWordToStr_input+1
0x0247	0x0872      	MOVF       R0+2, 0
0x0248	0x00E2      	MOVWF      FARG_LongWordToStr_input+2
0x0249	0x0873      	MOVF       R0+3, 0
0x024A	0x00E3      	MOVWF      FARG_LongWordToStr_input+3
;__Lib_Conversions.c,219 :: 		
0x024B	0x3000      	MOVLW      0
0x024C	0x00F4      	MOVWF      R4
0x024D	0x0673      	XORWF      R0+3, 0
0x024E	0x1D03      	BTFSS      STATUS, 2
0x024F	0x2A5A      	GOTO       L__LongWordToStr123
0x0250	0x0874      	MOVF       R4, 0
0x0251	0x0672      	XORWF      R0+2, 0
0x0252	0x1D03      	BTFSS      STATUS, 2
0x0253	0x2A5A      	GOTO       L__LongWordToStr123
0x0254	0x0874      	MOVF       R4, 0
0x0255	0x0671      	XORWF      R0+1, 0
0x0256	0x1D03      	BTFSS      STATUS, 2
0x0257	0x2A5A      	GOTO       L__LongWordToStr123
0x0258	0x0870      	MOVF       R0, 0
0x0259	0x3A00      	XORLW      0
L__LongWordToStr123:
0x025A	0x1D03      	BTFSS      STATUS, 2
0x025B	0x2A5D      	GOTO       L_LongWordToStr43
;__Lib_Conversions.c,220 :: 		
0x025C	0x2A62      	GOTO       L_LongWordToStr42
L_LongWordToStr43:
;__Lib_Conversions.c,221 :: 		
0x025D	0x3001      	MOVLW      1
0x025E	0x02E5      	SUBWF      LongWordToStr_len_L0, 1
0x025F	0x1C03      	BTFSS      STATUS, 0
0x0260	0x03E6      	DECF       LongWordToStr_len_L0+1, 1
;__Lib_Conversions.c,222 :: 		
0x0261	0x2A15      	GOTO       L_LongWordToStr41
L_LongWordToStr42:
;__Lib_Conversions.c,223 :: 		
L_end_LongWordToStr:
0x0262	0x0008      	RETURN
; end of _LongWordToStr
_Lcd_Chr_CP:
;__Lib_Lcd.c,50 :: 		
;__Lib_Lcd.c,52 :: 		
0x0263	0x1283      	BCF        STATUS, 5
0x0264	0x1303      	BCF        STATUS, 6
0x0265	0x103B      	BCF        __Lib_Lcd_cmd_status, BitPos(__Lib_Lcd_cmd_status+0)
;__Lib_Lcd.c,53 :: 		
0x0266	0x0860      	MOVF       FARG_Lcd_Chr_CP_out_char, 0
0x0267	0x00E8      	MOVWF      FARG_Lcd_Cmd_out_char
0x0268	0x21B1      	CALL       _Lcd_Cmd
;__Lib_Lcd.c,54 :: 		
0x0269	0x143B      	BSF        __Lib_Lcd_cmd_status, BitPos(__Lib_Lcd_cmd_status+0)
;__Lib_Lcd.c,55 :: 		
L_end_Lcd_Chr_CP:
0x026A	0x0008      	RETURN
; end of _Lcd_Chr_CP
_LongToStr:
;__Lib_Conversions.c,240 :: 		
;__Lib_Conversions.c,246 :: 		
0x026B	0x1283      	BCF        STATUS, 5
0x026C	0x1303      	BCF        STATUS, 6
0x026D	0x01DA      	CLRF       LongToStr_negative_L0
0x026E	0x01DB      	CLRF       LongToStr_negative_L0+1
;__Lib_Conversions.c,247 :: 		
0x026F	0x0853      	MOVF       FARG_LongToStr_input, 0
0x0270	0x00DC      	MOVWF      LongToStr_inword_L0
0x0271	0x0854      	MOVF       FARG_LongToStr_input+1, 0
0x0272	0x00DD      	MOVWF      LongToStr_inword_L0+1
0x0273	0x0855      	MOVF       FARG_LongToStr_input+2, 0
0x0274	0x00DE      	MOVWF      LongToStr_inword_L0+2
0x0275	0x0856      	MOVF       FARG_LongToStr_input+3, 0
0x0276	0x00DF      	MOVWF      LongToStr_inword_L0+3
;__Lib_Conversions.c,248 :: 		
0x0277	0x3080      	MOVLW      128
0x0278	0x0656      	XORWF      FARG_LongToStr_input+3, 0
0x0279	0x00F0      	MOVWF      R0
0x027A	0x3080      	MOVLW      128
0x027B	0x0270      	SUBWF      R0, 0
0x027C	0x1D03      	BTFSS      STATUS, 2
0x027D	0x2A88      	GOTO       L__LongToStr127
0x027E	0x3000      	MOVLW      0
0x027F	0x0255      	SUBWF      FARG_LongToStr_input+2, 0
0x0280	0x1D03      	BTFSS      STATUS, 2
0x0281	0x2A88      	GOTO       L__LongToStr127
0x0282	0x3000      	MOVLW      0
0x0283	0x0254      	SUBWF      FARG_LongToStr_input+1, 0
0x0284	0x1D03      	BTFSS      STATUS, 2
0x0285	0x2A88      	GOTO       L__LongToStr127
0x0286	0x3000      	MOVLW      0
0x0287	0x0253      	SUBWF      FARG_LongToStr_input, 0
L__LongToStr127:
0x0288	0x1803      	BTFSC      STATUS, 0
0x0289	0x2AB0      	GOTO       L_LongToStr49
;__Lib_Conversions.c,249 :: 		
0x028A	0x3001      	MOVLW      1
0x028B	0x00DA      	MOVWF      LongToStr_negative_L0
0x028C	0x3000      	MOVLW      0
0x028D	0x00DB      	MOVWF      LongToStr_negative_L0+1
;__Lib_Conversions.c,250 :: 		
0x028E	0x01F4      	CLRF       R4
0x028F	0x01F5      	CLRF       R4+1
0x0290	0x01F6      	CLRF       R4+2
0x0291	0x01F7      	CLRF       R4+3
0x0292	0x0853      	MOVF       FARG_LongToStr_input, 0
0x0293	0x00F0      	MOVWF      R0
0x0294	0x0854      	MOVF       FARG_LongToStr_input+1, 0
0x0295	0x00F1      	MOVWF      R0+1
0x0296	0x0855      	MOVF       FARG_LongToStr_input+2, 0
0x0297	0x00F2      	MOVWF      R0+2
0x0298	0x0856      	MOVF       FARG_LongToStr_input+3, 0
0x0299	0x00F3      	MOVWF      R0+3
0x029A	0x0874      	MOVF       R4, 0
0x029B	0x00DC      	MOVWF      LongToStr_inword_L0
0x029C	0x0875      	MOVF       R4+1, 0
0x029D	0x00DD      	MOVWF      LongToStr_inword_L0+1
0x029E	0x0876      	MOVF       R4+2, 0
0x029F	0x00DE      	MOVWF      LongToStr_inword_L0+2
0x02A0	0x0877      	MOVF       R4+3, 0
0x02A1	0x00DF      	MOVWF      LongToStr_inword_L0+3
0x02A2	0x0870      	MOVF       R0, 0
0x02A3	0x02DC      	SUBWF      LongToStr_inword_L0, 1
0x02A4	0x0871      	MOVF       R0+1, 0
0x02A5	0x1C03      	BTFSS      STATUS, 0
0x02A6	0x0F71      	INCFSZ     R0+1, 0
0x02A7	0x02DD      	SUBWF      LongToStr_inword_L0+1, 1
0x02A8	0x0872      	MOVF       R0+2, 0
0x02A9	0x1C03      	BTFSS      STATUS, 0
0x02AA	0x0F72      	INCFSZ     R0+2, 0
0x02AB	0x02DE      	SUBWF      LongToStr_inword_L0+2, 1
0x02AC	0x0873      	MOVF       R0+3, 0
0x02AD	0x1C03      	BTFSS      STATUS, 0
0x02AE	0x0F73      	INCFSZ     R0+3, 0
0x02AF	0x02DF      	SUBWF      LongToStr_inword_L0+3, 1
;__Lib_Conversions.c,251 :: 		
L_LongToStr49:
;__Lib_Conversions.c,252 :: 		
0x02B0	0x085C      	MOVF       LongToStr_inword_L0, 0
0x02B1	0x00E0      	MOVWF      FARG_LongWordToStr_input
0x02B2	0x085D      	MOVF       LongToStr_inword_L0+1, 0
0x02B3	0x00E1      	MOVWF      FARG_LongWordToStr_input+1
0x02B4	0x085E      	MOVF       LongToStr_inword_L0+2, 0
0x02B5	0x00E2      	MOVWF      FARG_LongWordToStr_input+2
0x02B6	0x085F      	MOVF       LongToStr_inword_L0+3, 0
0x02B7	0x00E3      	MOVWF      FARG_LongWordToStr_input+3
0x02B8	0x0857      	MOVF       FARG_LongToStr_output, 0
0x02B9	0x00E4      	MOVWF      FARG_LongWordToStr_output
0x02BA	0x21F8      	CALL       _LongWordToStr
;__Lib_Conversions.c,254 :: 		
0x02BB	0x300B      	MOVLW      11
0x02BC	0x00D8      	MOVWF      LongToStr_i_L0
0x02BD	0x3000      	MOVLW      0
0x02BE	0x00D9      	MOVWF      LongToStr_i_L0+1
;__Lib_Conversions.c,255 :: 		
L_LongToStr50:
0x02BF	0x0859      	MOVF       LongToStr_i_L0+1, 0
0x02C0	0x3C00      	SUBLW      0
0x02C1	0x1D03      	BTFSS      STATUS, 2
0x02C2	0x2AC5      	GOTO       L__LongToStr128
0x02C3	0x0858      	MOVF       LongToStr_i_L0, 0
0x02C4	0x3C00      	SUBLW      0
L__LongToStr128:
0x02C5	0x1803      	BTFSC      STATUS, 0
0x02C6	0x2AE0      	GOTO       L_LongToStr51
;__Lib_Conversions.c,256 :: 		
0x02C7	0x0858      	MOVF       LongToStr_i_L0, 0
0x02C8	0x0757      	ADDWF      FARG_LongToStr_output, 0
0x02C9	0x00F2      	MOVWF      R2
0x02CA	0x3001      	MOVLW      1
0x02CB	0x0258      	SUBWF      LongToStr_i_L0, 0
0x02CC	0x00F0      	MOVWF      R0
0x02CD	0x3000      	MOVLW      0
0x02CE	0x1C03      	BTFSS      STATUS, 0
0x02CF	0x3E01      	ADDLW      1
0x02D0	0x0259      	SUBWF      LongToStr_i_L0+1, 0
0x02D1	0x00F1      	MOVWF      R0+1
0x02D2	0x0870      	MOVF       R0, 0
0x02D3	0x0757      	ADDWF      FARG_LongToStr_output, 0
0x02D4	0x0084      	MOVWF      FSR
0x02D5	0x0800      	MOVF       INDF, 0
0x02D6	0x00F0      	MOVWF      R0
0x02D7	0x0872      	MOVF       R2, 0
0x02D8	0x0084      	MOVWF      FSR
0x02D9	0x0870      	MOVF       R0, 0
0x02DA	0x0080      	MOVWF      INDF
;__Lib_Conversions.c,257 :: 		
0x02DB	0x3001      	MOVLW      1
0x02DC	0x02D8      	SUBWF      LongToStr_i_L0, 1
0x02DD	0x1C03      	BTFSS      STATUS, 0
0x02DE	0x03D9      	DECF       LongToStr_i_L0+1, 1
;__Lib_Conversions.c,258 :: 		
0x02DF	0x2ABF      	GOTO       L_LongToStr50
L_LongToStr51:
;__Lib_Conversions.c,259 :: 		
0x02E0	0x0857      	MOVF       FARG_LongToStr_output, 0
0x02E1	0x0084      	MOVWF      FSR
0x02E2	0x3020      	MOVLW      32
0x02E3	0x0080      	MOVWF      INDF
;__Lib_Conversions.c,260 :: 		
0x02E4	0x085A      	MOVF       LongToStr_negative_L0, 0
0x02E5	0x045B      	IORWF      LongToStr_negative_L0+1, 0
0x02E6	0x1903      	BTFSC      STATUS, 2
0x02E7	0x2AFE      	GOTO       L_LongToStr52
;__Lib_Conversions.c,261 :: 		
0x02E8	0x01D8      	CLRF       LongToStr_i_L0
0x02E9	0x01D9      	CLRF       LongToStr_i_L0+1
;__Lib_Conversions.c,262 :: 		
L_LongToStr53:
0x02EA	0x0858      	MOVF       LongToStr_i_L0, 0
0x02EB	0x0757      	ADDWF      FARG_LongToStr_output, 0
0x02EC	0x0084      	MOVWF      FSR
0x02ED	0x0800      	MOVF       INDF, 0
0x02EE	0x3A20      	XORLW      32
0x02EF	0x1D03      	BTFSS      STATUS, 2
0x02F0	0x2AF5      	GOTO       L_LongToStr54
0x02F1	0x0AD8      	INCF       LongToStr_i_L0, 1
0x02F2	0x1903      	BTFSC      STATUS, 2
0x02F3	0x0AD9      	INCF       LongToStr_i_L0+1, 1
0x02F4	0x2AEA      	GOTO       L_LongToStr53
L_LongToStr54:
;__Lib_Conversions.c,263 :: 		
0x02F5	0x3001      	MOVLW      1
0x02F6	0x02D8      	SUBWF      LongToStr_i_L0, 1
0x02F7	0x1C03      	BTFSS      STATUS, 0
0x02F8	0x03D9      	DECF       LongToStr_i_L0+1, 1
;__Lib_Conversions.c,264 :: 		
0x02F9	0x0858      	MOVF       LongToStr_i_L0, 0
0x02FA	0x0757      	ADDWF      FARG_LongToStr_output, 0
0x02FB	0x0084      	MOVWF      FSR
0x02FC	0x302D      	MOVLW      45
0x02FD	0x0080      	MOVWF      INDF
;__Lib_Conversions.c,265 :: 		
L_LongToStr52:
;__Lib_Conversions.c,266 :: 		
L_end_LongToStr:
0x02FE	0x0008      	RETURN
; end of _LongToStr
_Mul_16x16_U:
;__Lib_Math.c,136 :: 		
;__Lib_Math.c,143 :: 		
0x02FF	0x1283      	BCF        STATUS, 5
;__Lib_Math.c,144 :: 		
0x0300	0x1303      	BCF        STATUS, 6
;__Lib_Math.c,145 :: 		
0x0301	0x01FB      	CLRF       R11
;__Lib_Math.c,146 :: 		
0x0302	0x01FA      	CLRF       R10
;__Lib_Math.c,147 :: 		
0x0303	0x01F9      	CLRF       R9
;__Lib_Math.c,148 :: 		
0x0304	0x3080      	MOVLW      128
;__Lib_Math.c,149 :: 		
0x0305	0x00F8      	MOVWF      R8
;__Lib_Math.c,150 :: 		
0x0306	0x0CF1      	RRF        R1, 1
;__Lib_Math.c,151 :: 		
0x0307	0x0CF0      	RRF        R0, 1
;__Lib_Math.c,152 :: 		
0x0308	0x1C03      	BTFSS      STATUS, 0
;__Lib_Math.c,153 :: 		
0x0309	0x2B13      	GOTO       $+10
;__Lib_Math.c,154 :: 		
0x030A	0x0874      	MOVF       R4, 0
;__Lib_Math.c,155 :: 		
0x030B	0x07F9      	ADDWF      R9, 1
;__Lib_Math.c,156 :: 		
0x030C	0x0875      	MOVF       R5, 0
;__Lib_Math.c,157 :: 		
0x030D	0x1803      	BTFSC      STATUS, 0
;__Lib_Math.c,158 :: 		
0x030E	0x0F75      	INCFSZ     R5, 0
;__Lib_Math.c,159 :: 		
0x030F	0x07FA      	ADDWF      R10, 1
;__Lib_Math.c,160 :: 		
0x0310	0x1803      	BTFSC      STATUS, 0
;__Lib_Math.c,161 :: 		
0x0311	0x0AFB      	INCF       R11, 1
;__Lib_Math.c,162 :: 		
0x0312	0x1003      	BCF        STATUS, 0
;__Lib_Math.c,163 :: 		
0x0313	0x1FF0      	BTFSS      R0, 7
;__Lib_Math.c,164 :: 		
0x0314	0x2B1B      	GOTO       $+7
;__Lib_Math.c,165 :: 		
0x0315	0x0874      	MOVF       R4, 0
;__Lib_Math.c,166 :: 		
0x0316	0x07FA      	ADDWF      R10, 1
;__Lib_Math.c,167 :: 		
0x0317	0x0875      	MOVF       R5, 0
;__Lib_Math.c,168 :: 		
0x0318	0x1803      	BTFSC      STATUS, 0
;__Lib_Math.c,169 :: 		
0x0319	0x0F75      	INCFSZ     R5, 0
;__Lib_Math.c,170 :: 		
0x031A	0x07FB      	ADDWF      R11, 1
;__Lib_Math.c,171 :: 		
0x031B	0x0CFB      	RRF        R11, 1
;__Lib_Math.c,172 :: 		
0x031C	0x0CFA      	RRF        R10, 1
;__Lib_Math.c,173 :: 		
0x031D	0x0CF9      	RRF        R9, 1
;__Lib_Math.c,174 :: 		
0x031E	0x0CF8      	RRF        R8, 1
;__Lib_Math.c,175 :: 		
0x031F	0x1C03      	BTFSS      STATUS, 0
;__Lib_Math.c,176 :: 		
0x0320	0x2B06      	GOTO       $-26
;__Lib_Math.c,177 :: 		
0x0321	0x087B      	MOVF       R11, 0
;__Lib_Math.c,178 :: 		
0x0322	0x00F3      	MOVWF      R3
;__Lib_Math.c,179 :: 		
0x0323	0x087A      	MOVF       R10, 0
;__Lib_Math.c,180 :: 		
0x0324	0x00F2      	MOVWF      R2
;__Lib_Math.c,181 :: 		
0x0325	0x0879      	MOVF       R9, 0
;__Lib_Math.c,182 :: 		
0x0326	0x00F1      	MOVWF      R1
;__Lib_Math.c,183 :: 		
0x0327	0x0878      	MOVF       R8, 0
;__Lib_Math.c,184 :: 		
0x0328	0x00F0      	MOVWF      R0
;__Lib_Math.c,187 :: 		
L_end_Mul_16x16_U:
0x0329	0x0008      	RETURN
; end of _Mul_16x16_U
_Lcd_Out:
;__Lib_Lcd.c,184 :: 		
;__Lib_Lcd.c,187 :: 		
0x032A	0x2B3C      	GOTO       L_Lcd_Out11
;__Lib_Lcd.c,188 :: 		
L_Lcd_Out13:
0x032B	0x3080      	MOVLW      128
0x032C	0x1283      	BCF        STATUS, 5
0x032D	0x1303      	BCF        STATUS, 6
0x032E	0x00D3      	MOVWF      FARG_Lcd_Out_row
0x032F	0x2B4F      	GOTO       L_Lcd_Out12
;__Lib_Lcd.c,189 :: 		
L_Lcd_Out14:
0x0330	0x30C0      	MOVLW      192
0x0331	0x00D3      	MOVWF      FARG_Lcd_Out_row
0x0332	0x2B4F      	GOTO       L_Lcd_Out12
;__Lib_Lcd.c,190 :: 		
L_Lcd_Out15:
0x0333	0x3094      	MOVLW      148
0x0334	0x00D3      	MOVWF      FARG_Lcd_Out_row
0x0335	0x2B4F      	GOTO       L_Lcd_Out12
;__Lib_Lcd.c,191 :: 		
L_Lcd_Out16:
0x0336	0x30D4      	MOVLW      212
0x0337	0x00D3      	MOVWF      FARG_Lcd_Out_row
0x0338	0x2B4F      	GOTO       L_Lcd_Out12
;__Lib_Lcd.c,192 :: 		
L_Lcd_Out17:
0x0339	0x3080      	MOVLW      128
0x033A	0x00D3      	MOVWF      FARG_Lcd_Out_row
;__Lib_Lcd.c,193 :: 		
0x033B	0x2B4F      	GOTO       L_Lcd_Out12
L_Lcd_Out11:
0x033C	0x1283      	BCF        STATUS, 5
0x033D	0x1303      	BCF        STATUS, 6
0x033E	0x0853      	MOVF       FARG_Lcd_Out_row, 0
0x033F	0x3A01      	XORLW      1
0x0340	0x1903      	BTFSC      STATUS, 2
0x0341	0x2B2B      	GOTO       L_Lcd_Out13
0x0342	0x0853      	MOVF       FARG_Lcd_Out_row, 0
0x0343	0x3A02      	XORLW      2
0x0344	0x1903      	BTFSC      STATUS, 2
0x0345	0x2B30      	GOTO       L_Lcd_Out14
0x0346	0x0853      	MOVF       FARG_Lcd_Out_row, 0
0x0347	0x3A03      	XORLW      3
0x0348	0x1903      	BTFSC      STATUS, 2
0x0349	0x2B33      	GOTO       L_Lcd_Out15
0x034A	0x0853      	MOVF       FARG_Lcd_Out_row, 0
0x034B	0x3A04      	XORLW      4
0x034C	0x1903      	BTFSC      STATUS, 2
0x034D	0x2B36      	GOTO       L_Lcd_Out16
0x034E	0x2B39      	GOTO       L_Lcd_Out17
L_Lcd_Out12:
;__Lib_Lcd.c,194 :: 		
0x034F	0x0354      	DECF       FARG_Lcd_Out_column, 0
0x0350	0x00F0      	MOVWF      R0
0x0351	0x0853      	MOVF       FARG_Lcd_Out_row, 0
0x0352	0x07F0      	ADDWF      R0, 1
0x0353	0x0870      	MOVF       R0, 0
0x0354	0x00D3      	MOVWF      FARG_Lcd_Out_row
;__Lib_Lcd.c,196 :: 		
0x0355	0x0870      	MOVF       R0, 0
0x0356	0x00E8      	MOVWF      FARG_Lcd_Cmd_out_char
0x0357	0x21B1      	CALL       _Lcd_Cmd
;__Lib_Lcd.c,197 :: 		
0x0358	0x103B      	BCF        __Lib_Lcd_cmd_status, BitPos(__Lib_Lcd_cmd_status+0)
;__Lib_Lcd.c,198 :: 		
0x0359	0x01D6      	CLRF       Lcd_Out_i_L0
;__Lib_Lcd.c,199 :: 		
L_Lcd_Out18:
0x035A	0x0856      	MOVF       Lcd_Out_i_L0, 0
0x035B	0x0755      	ADDWF      FARG_Lcd_Out_text, 0
0x035C	0x0084      	MOVWF      FSR
0x035D	0x0800      	MOVF       INDF, 0
0x035E	0x1903      	BTFSC      STATUS, 2
0x035F	0x2B68      	GOTO       L_Lcd_Out19
;__Lib_Lcd.c,200 :: 		
0x0360	0x0856      	MOVF       Lcd_Out_i_L0, 0
0x0361	0x0755      	ADDWF      FARG_Lcd_Out_text, 0
0x0362	0x0084      	MOVWF      FSR
0x0363	0x0800      	MOVF       INDF, 0
0x0364	0x00E0      	MOVWF      FARG_Lcd_Chr_CP_out_char
0x0365	0x2263      	CALL       _Lcd_Chr_CP
0x0366	0x0AD6      	INCF       Lcd_Out_i_L0, 1
0x0367	0x2B5A      	GOTO       L_Lcd_Out18
L_Lcd_Out19:
;__Lib_Lcd.c,201 :: 		
0x0368	0x143B      	BSF        __Lib_Lcd_cmd_status, BitPos(__Lib_Lcd_cmd_status+0)
;__Lib_Lcd.c,202 :: 		
L_end_Lcd_Out:
0x0369	0x0008      	RETURN
; end of _Lcd_Out
_Lcd_Init:
;__Lib_Lcd.c,84 :: 		
;__Lib_Lcd.c,86 :: 		
0x036A	0x1683      	BSF        STATUS, 5
0x036B	0x1303      	BCF        STATUS, 6
0x036C	0x1286      	BCF        LCD_EN_Direction, BitPos(LCD_EN_Direction+0)
;__Lib_Lcd.c,87 :: 		
0x036D	0x1206      	BCF        LCD_RS_Direction, BitPos(LCD_RS_Direction+0)
;__Lib_Lcd.c,88 :: 		
0x036E	0x1006      	BCF        LCD_D4_Direction, BitPos(LCD_D4_Direction+0)
;__Lib_Lcd.c,89 :: 		
0x036F	0x1086      	BCF        LCD_D5_Direction, BitPos(LCD_D5_Direction+0)
;__Lib_Lcd.c,90 :: 		
0x0370	0x1106      	BCF        LCD_D6_Direction, BitPos(LCD_D6_Direction+0)
;__Lib_Lcd.c,91 :: 		
0x0371	0x1186      	BCF        LCD_D7_Direction, BitPos(LCD_D7_Direction+0)
;__Lib_Lcd.c,93 :: 		
0x0372	0x1283      	BCF        STATUS, 5
0x0373	0x1286      	BCF        LCD_EN, BitPos(LCD_EN+0)
;__Lib_Lcd.c,94 :: 		
0x0374	0x1206      	BCF        LCD_RS, BitPos(LCD_RS+0)
;__Lib_Lcd.c,95 :: 		
0x0375	0x1186      	BCF        LCD_D7, BitPos(LCD_D7+0)
;__Lib_Lcd.c,96 :: 		
0x0376	0x1106      	BCF        LCD_D6, BitPos(LCD_D6+0)
;__Lib_Lcd.c,97 :: 		
0x0377	0x1086      	BCF        LCD_D5, BitPos(LCD_D5+0)
;__Lib_Lcd.c,98 :: 		
0x0378	0x1006      	BCF        LCD_D4, BitPos(LCD_D4+0)
;__Lib_Lcd.c,100 :: 		
0x0379	0x2025      	CALL       _Delay_5500us
;__Lib_Lcd.c,101 :: 		
0x037A	0x2025      	CALL       _Delay_5500us
;__Lib_Lcd.c,102 :: 		
0x037B	0x2025      	CALL       _Delay_5500us
;__Lib_Lcd.c,105 :: 		
0x037C	0x1486      	BSF        LCD_D5, BitPos(LCD_D5+0)
;__Lib_Lcd.c,106 :: 		
0x037D	0x1406      	BSF        LCD_D4, BitPos(LCD_D4+0)
;__Lib_Lcd.c,107 :: 		
0x037E	0x1686      	BSF        LCD_EN, BitPos(LCD_EN+0)
;__Lib_Lcd.c,108 :: 		
0x037F	0x2022      	CALL       _Delay_1us
;__Lib_Lcd.c,109 :: 		
0x0380	0x1286      	BCF        LCD_EN, BitPos(LCD_EN+0)
;__Lib_Lcd.c,110 :: 		
0x0381	0x2025      	CALL       _Delay_5500us
;__Lib_Lcd.c,112 :: 		
0x0382	0x1686      	BSF        LCD_EN, BitPos(LCD_EN+0)
;__Lib_Lcd.c,113 :: 		
0x0383	0x2022      	CALL       _Delay_1us
;__Lib_Lcd.c,114 :: 		
0x0384	0x1286      	BCF        LCD_EN, BitPos(LCD_EN+0)
;__Lib_Lcd.c,115 :: 		
0x0385	0x2025      	CALL       _Delay_5500us
;__Lib_Lcd.c,117 :: 		
0x0386	0x1686      	BSF        LCD_EN, BitPos(LCD_EN+0)
;__Lib_Lcd.c,118 :: 		
0x0387	0x2022      	CALL       _Delay_1us
;__Lib_Lcd.c,119 :: 		
0x0388	0x1286      	BCF        LCD_EN, BitPos(LCD_EN+0)
;__Lib_Lcd.c,120 :: 		
0x0389	0x2025      	CALL       _Delay_5500us
;__Lib_Lcd.c,123 :: 		
0x038A	0x1006      	BCF        LCD_D4, BitPos(LCD_D4+0)
;__Lib_Lcd.c,124 :: 		
0x038B	0x1686      	BSF        LCD_EN, BitPos(LCD_EN+0)
;__Lib_Lcd.c,125 :: 		
0x038C	0x2022      	CALL       _Delay_1us
;__Lib_Lcd.c,126 :: 		
0x038D	0x1286      	BCF        LCD_EN, BitPos(LCD_EN+0)
;__Lib_Lcd.c,127 :: 		
0x038E	0x2025      	CALL       _Delay_5500us
;__Lib_Lcd.c,130 :: 		
0x038F	0x1686      	BSF        LCD_EN, BitPos(LCD_EN+0)
;__Lib_Lcd.c,131 :: 		
0x0390	0x2022      	CALL       _Delay_1us
;__Lib_Lcd.c,132 :: 		
0x0391	0x1286      	BCF        LCD_EN, BitPos(LCD_EN+0)
;__Lib_Lcd.c,134 :: 		
0x0392	0x1086      	BCF        LCD_D5, BitPos(LCD_D5+0)
;__Lib_Lcd.c,135 :: 		
0x0393	0x1586      	BSF        LCD_D7, BitPos(LCD_D7+0)
;__Lib_Lcd.c,136 :: 		
0x0394	0x1686      	BSF        LCD_EN, BitPos(LCD_EN+0)
;__Lib_Lcd.c,137 :: 		
0x0395	0x2022      	CALL       _Delay_1us
;__Lib_Lcd.c,138 :: 		
0x0396	0x1286      	BCF        LCD_EN, BitPos(LCD_EN+0)
;__Lib_Lcd.c,139 :: 		
0x0397	0x2025      	CALL       _Delay_5500us
;__Lib_Lcd.c,142 :: 		
0x0398	0x1186      	BCF        LCD_D7, BitPos(LCD_D7+0)
;__Lib_Lcd.c,143 :: 		
0x0399	0x1406      	BSF        LCD_D4, BitPos(LCD_D4+0)
;__Lib_Lcd.c,144 :: 		
0x039A	0x1686      	BSF        LCD_EN, BitPos(LCD_EN+0)
;__Lib_Lcd.c,145 :: 		
0x039B	0x2022      	CALL       _Delay_1us
;__Lib_Lcd.c,146 :: 		
0x039C	0x1286      	BCF        LCD_EN, BitPos(LCD_EN+0)
;__Lib_Lcd.c,148 :: 		
0x039D	0x1006      	BCF        LCD_D4, BitPos(LCD_D4+0)
;__Lib_Lcd.c,149 :: 		
0x039E	0x1686      	BSF        LCD_EN, BitPos(LCD_EN+0)
;__Lib_Lcd.c,150 :: 		
0x039F	0x2022      	CALL       _Delay_1us
;__Lib_Lcd.c,151 :: 		
0x03A0	0x1286      	BCF        LCD_EN, BitPos(LCD_EN+0)
;__Lib_Lcd.c,152 :: 		
0x03A1	0x2025      	CALL       _Delay_5500us
;__Lib_Lcd.c,155 :: 		
0x03A2	0x1686      	BSF        LCD_EN, BitPos(LCD_EN+0)
;__Lib_Lcd.c,156 :: 		
0x03A3	0x2022      	CALL       _Delay_1us
;__Lib_Lcd.c,157 :: 		
0x03A4	0x1286      	BCF        LCD_EN, BitPos(LCD_EN+0)
;__Lib_Lcd.c,159 :: 		
0x03A5	0x1406      	BSF        LCD_D4, BitPos(LCD_D4+0)
;__Lib_Lcd.c,160 :: 		
0x03A6	0x1686      	BSF        LCD_EN, BitPos(LCD_EN+0)
;__Lib_Lcd.c,161 :: 		
0x03A7	0x2022      	CALL       _Delay_1us
;__Lib_Lcd.c,162 :: 		
0x03A8	0x1286      	BCF        LCD_EN, BitPos(LCD_EN+0)
;__Lib_Lcd.c,163 :: 		
0x03A9	0x2025      	CALL       _Delay_5500us
;__Lib_Lcd.c,166 :: 		
0x03AA	0x1006      	BCF        LCD_D4, BitPos(LCD_D4+0)
;__Lib_Lcd.c,167 :: 		
0x03AB	0x1686      	BSF        LCD_EN, BitPos(LCD_EN+0)
;__Lib_Lcd.c,168 :: 		
0x03AC	0x2022      	CALL       _Delay_1us
;__Lib_Lcd.c,169 :: 		
0x03AD	0x1286      	BCF        LCD_EN, BitPos(LCD_EN+0)
;__Lib_Lcd.c,171 :: 		
0x03AE	0x1586      	BSF        LCD_D7, BitPos(LCD_D7+0)
;__Lib_Lcd.c,172 :: 		
0x03AF	0x1506      	BSF        LCD_D6, BitPos(LCD_D6+0)
;__Lib_Lcd.c,173 :: 		
0x03B0	0x1486      	BSF        LCD_D5, BitPos(LCD_D5+0)
;__Lib_Lcd.c,174 :: 		
0x03B1	0x1406      	BSF        LCD_D4, BitPos(LCD_D4+0)
;__Lib_Lcd.c,175 :: 		
0x03B2	0x1686      	BSF        LCD_EN, BitPos(LCD_EN+0)
;__Lib_Lcd.c,176 :: 		
0x03B3	0x2022      	CALL       _Delay_1us
;__Lib_Lcd.c,177 :: 		
0x03B4	0x1286      	BCF        LCD_EN, BitPos(LCD_EN+0)
;__Lib_Lcd.c,179 :: 		
0x03B5	0x2025      	CALL       _Delay_5500us
;__Lib_Lcd.c,181 :: 		
0x03B6	0x143B      	BSF        __Lib_Lcd_cmd_status, BitPos(__Lib_Lcd_cmd_status+0)
;__Lib_Lcd.c,182 :: 		
L_end_Lcd_Init:
0x03B7	0x0008      	RETURN
; end of _Lcd_Init
_Div_16x16_U:
;__Lib_Math.c,215 :: 		
;__Lib_Math.c,222 :: 		
0x03B8	0x1283      	BCF        STATUS, 5
;__Lib_Math.c,223 :: 		
0x03B9	0x1303      	BCF        STATUS, 6
;__Lib_Math.c,224 :: 		
0x03BA	0x01F8      	CLRF       R8
;__Lib_Math.c,225 :: 		
0x03BB	0x01F9      	CLRF       R9
;__Lib_Math.c,226 :: 		
0x03BC	0x3010      	MOVLW      16
;__Lib_Math.c,227 :: 		
0x03BD	0x00FC      	MOVWF      R12
;__Lib_Math.c,228 :: 		
0x03BE	0x0D71      	RLF        R1, 0
;__Lib_Math.c,229 :: 		
0x03BF	0x0DF8      	RLF        R8, 1
;__Lib_Math.c,230 :: 		
0x03C0	0x0DF9      	RLF        R9, 1
;__Lib_Math.c,231 :: 		
0x03C1	0x0874      	MOVF       R4, 0
;__Lib_Math.c,232 :: 		
0x03C2	0x02F8      	SUBWF      R8, 1
;__Lib_Math.c,233 :: 		
0x03C3	0x0875      	MOVF       R5, 0
;__Lib_Math.c,234 :: 		
0x03C4	0x1C03      	BTFSS      STATUS, 0
;__Lib_Math.c,235 :: 		
0x03C5	0x0F75      	INCFSZ     R5, 0
;__Lib_Math.c,236 :: 		
0x03C6	0x02F9      	SUBWF      R9, 1
;__Lib_Math.c,237 :: 		
0x03C7	0x1803      	BTFSC      STATUS, 0
;__Lib_Math.c,238 :: 		
0x03C8	0x2BD0      	GOTO       $+8
;__Lib_Math.c,239 :: 		
0x03C9	0x0874      	MOVF       R4, 0
;__Lib_Math.c,240 :: 		
0x03CA	0x07F8      	ADDWF      R8, 1
;__Lib_Math.c,241 :: 		
0x03CB	0x0875      	MOVF       R5, 0
;__Lib_Math.c,242 :: 		
0x03CC	0x1803      	BTFSC      STATUS, 0
;__Lib_Math.c,243 :: 		
0x03CD	0x0F75      	INCFSZ     R5, 0
;__Lib_Math.c,244 :: 		
0x03CE	0x07F9      	ADDWF      R9, 1
;__Lib_Math.c,245 :: 		
0x03CF	0x1003      	BCF        STATUS, 0
;__Lib_Math.c,246 :: 		
0x03D0	0x0DF0      	RLF        R0, 1
;__Lib_Math.c,247 :: 		
0x03D1	0x0DF1      	RLF        R1, 1
;__Lib_Math.c,248 :: 		
0x03D2	0x0BFC      	DECFSZ     R12, 1
;__Lib_Math.c,249 :: 		
0x03D3	0x2BBE      	GOTO       $-21
;__Lib_Math.c,251 :: 		
L_end_Div_16x16_U:
0x03D4	0x0008      	RETURN
; end of _Div_16x16_U
___CC2DW:
;__Lib_System.c,134 :: 		
;__Lib_System.c,137 :: 		
_CC2D_Loop1:
;__Lib_System.c,139 :: 		
0x03D5	0x21F1      	CALL       _____DoICP
0x03D6	0x118A      	BCF        PCLATH, 3
0x03D7	0x120A      	BCF        PCLATH, 4
;__Lib_System.c,141 :: 		
0x03D8	0x0080      	MOVWF      INDF
;__Lib_System.c,142 :: 		
0x03D9	0x0A84      	INCF       FSR, 1
;__Lib_System.c,143 :: 		
0x03DA	0x0ABC      	INCF       ___DoICPAddr, 1
;__Lib_System.c,145 :: 		
0x03DB	0x1903      	BTFSC      STATUS, 2
;__Lib_System.c,146 :: 		
0x03DC	0x0ABD      	INCF       ___DoICPAddr+1, 1
;__Lib_System.c,147 :: 		
0x03DD	0x03F0      	DECF       R0, 1
;__Lib_System.c,149 :: 		
0x03DE	0x1D03      	BTFSS      STATUS, 2
;__Lib_System.c,150 :: 		
0x03DF	0x2BD5      	GOTO       _CC2D_Loop1
;__Lib_System.c,152 :: 		
L_end___CC2DW:
0x03E0	0x0008      	RETURN
; end of ___CC2DW
_main:
0x03E1	0x3072      	MOVLW      114
0x03E2	0x1283      	BCF        STATUS, 5
0x03E3	0x1303      	BCF        STATUS, 6
0x03E4	0x00A1      	MOVWF      ?lstr4_Timer1_Interrupt
0x03E5	0x3070      	MOVLW      112
0x03E6	0x00A2      	MOVWF      34
0x03E7	0x306D      	MOVLW      109
0x03E8	0x00A3      	MOVWF      35
0x03E9	0x01A4      	CLRF       36
0x03EA	0x3042      	MOVLW      66
0x03EB	0x00A5      	MOVWF      ?lstr3_Timer1_Interrupt
0x03EC	0x3072      	MOVLW      114
0x03ED	0x00A6      	MOVWF      38
0x03EE	0x307A      	MOVLW      122
0x03EF	0x00A7      	MOVWF      39
0x03F0	0x3069      	MOVLW      105
0x03F1	0x00A8      	MOVWF      40
0x03F2	0x306E      	MOVLW      110
0x03F3	0x00A9      	MOVWF      41
0x03F4	0x3061      	MOVLW      97
0x03F5	0x00AA      	MOVWF      42
0x03F6	0x01AB      	CLRF       43
0x03F7	0x306F      	MOVLW      111
0x03F8	0x00AC      	MOVWF      ?lstr2_Timer1_Interrupt
0x03F9	0x3062      	MOVLW      98
0x03FA	0x00AD      	MOVWF      45
0x03FB	0x3072      	MOVLW      114
0x03FC	0x00AE      	MOVWF      46
0x03FD	0x3074      	MOVLW      116
0x03FE	0x00AF      	MOVWF      47
0x03FF	0x3061      	MOVLW      97
0x0400	0x00B0      	MOVWF      48
0x0401	0x306A      	MOVLW      106
0x0402	0x00B1      	MOVWF      49
0x0403	0x3061      	MOVLW      97
0x0404	0x00B2      	MOVWF      50
0x0405	0x01B3      	CLRF       51
0x0406	0x3042      	MOVLW      66
0x0407	0x00B4      	MOVWF      ?lstr1_Timer1_Interrupt
0x0408	0x3072      	MOVLW      114
0x0409	0x00B5      	MOVWF      53
0x040A	0x306F      	MOVLW      111
0x040B	0x00B6      	MOVWF      54
0x040C	0x306A      	MOVLW      106
0x040D	0x00B7      	MOVWF      55
0x040E	0x3061      	MOVLW      97
0x040F	0x00B8      	MOVWF      56
0x0410	0x3063      	MOVLW      99
0x0411	0x00B9      	MOVWF      57
0x0412	0x01BA      	CLRF       58
;Timer1_Interrupt.c,59 :: 		void main() {
;Timer1_Interrupt.c,60 :: 		ANSEL  = 0;                 // Configure AN pins as digital
0x0413	0x1683      	BSF        STATUS, 5
0x0414	0x1703      	BSF        STATUS, 6
0x0415	0x0188      	CLRF       ANSEL
;Timer1_Interrupt.c,61 :: 		ANSELH = 0;
0x0416	0x0189      	CLRF       ANSELH
;Timer1_Interrupt.c,62 :: 		C1ON_bit = 0;               // Disable comparators
0x0417	0x1283      	BCF        STATUS, 5
0x0418	0x1387      	BCF        C1ON_bit, 7
;Timer1_Interrupt.c,63 :: 		C2ON_bit = 0;
0x0419	0x1388      	BCF        C2ON_bit, 7
;Timer1_Interrupt.c,65 :: 		TRISA.B4=1;                 //RA4/TOCKI input
0x041A	0x1683      	BSF        STATUS, 5
0x041B	0x1303      	BCF        STATUS, 6
0x041C	0x1605      	BSF        TRISA, 4
;Timer1_Interrupt.c,66 :: 		OPTION_REG.T0CS=1;
0x041D	0x1681      	BSF        OPTION_REG, 5
;Timer1_Interrupt.c,67 :: 		OPTION_REG.PSA=1;
0x041E	0x1581      	BSF        OPTION_REG, 3
;Timer1_Interrupt.c,69 :: 		Lcd_Init();                        // Initialize LCD
0x041F	0x236A      	CALL       _Lcd_Init
;Timer1_Interrupt.c,70 :: 		Lcd_Cmd(_LCD_CLEAR);               // Clear display
0x0420	0x3001      	MOVLW      1
0x0421	0x00E8      	MOVWF      FARG_Lcd_Cmd_out_char
0x0422	0x21B1      	CALL       _Lcd_Cmd
;Timer1_Interrupt.c,71 :: 		Lcd_Cmd(_LCD_CURSOR_OFF);          // Cursor off
0x0423	0x300C      	MOVLW      12
0x0424	0x00E8      	MOVWF      FARG_Lcd_Cmd_out_char
0x0425	0x21B1      	CALL       _Lcd_Cmd
;Timer1_Interrupt.c,73 :: 		Lcd_Out(1,6,"Brojac");                 // Write text in first row
0x0426	0x3001      	MOVLW      1
0x0427	0x00D3      	MOVWF      FARG_Lcd_Out_row
0x0428	0x3006      	MOVLW      6
0x0429	0x00D4      	MOVWF      FARG_Lcd_Out_column
0x042A	0x3034      	MOVLW      ?lstr1_Timer1_Interrupt
0x042B	0x00D5      	MOVWF      FARG_Lcd_Out_text
0x042C	0x232A      	CALL       _Lcd_Out
;Timer1_Interrupt.c,74 :: 		Lcd_Out(2,5,"obrtaja");                 // Write text in second row
0x042D	0x3002      	MOVLW      2
0x042E	0x00D3      	MOVWF      FARG_Lcd_Out_row
0x042F	0x3005      	MOVLW      5
0x0430	0x00D4      	MOVWF      FARG_Lcd_Out_column
0x0431	0x302C      	MOVLW      ?lstr2_Timer1_Interrupt
0x0432	0x00D5      	MOVWF      FARG_Lcd_Out_text
0x0433	0x232A      	CALL       _Lcd_Out
;Timer1_Interrupt.c,76 :: 		Delay_ms(2000);
0x0434	0x3015      	MOVLW      21
0x0435	0x00FB      	MOVWF      R11
0x0436	0x304B      	MOVLW      75
0x0437	0x00FC      	MOVWF      R12
0x0438	0x30BE      	MOVLW      190
0x0439	0x00FD      	MOVWF      R13
L_main2:
0x043A	0x0BFD      	DECFSZ     R13, 1
0x043B	0x2C3A      	GOTO       L_main2
0x043C	0x0BFC      	DECFSZ     R12, 1
0x043D	0x2C3A      	GOTO       L_main2
0x043E	0x0BFB      	DECFSZ     R11, 1
0x043F	0x2C3A      	GOTO       L_main2
0x0440	0x0000      	NOP
;Timer1_Interrupt.c,78 :: 		Lcd_Cmd(_LCD_CLEAR);               // Clear display
0x0441	0x3001      	MOVLW      1
0x0442	0x00E8      	MOVWF      FARG_Lcd_Cmd_out_char
0x0443	0x21B1      	CALL       _Lcd_Cmd
;Timer1_Interrupt.c,79 :: 		Lcd_Out(1,6,"Brzina");                 // Write text in first row
0x0444	0x3001      	MOVLW      1
0x0445	0x00D3      	MOVWF      FARG_Lcd_Out_row
0x0446	0x3006      	MOVLW      6
0x0447	0x00D4      	MOVWF      FARG_Lcd_Out_column
0x0448	0x3025      	MOVLW      ?lstr3_Timer1_Interrupt
0x0449	0x00D5      	MOVWF      FARG_Lcd_Out_text
0x044A	0x232A      	CALL       _Lcd_Out
;Timer1_Interrupt.c,80 :: 		Lcd_Out(2,13,"rpm");                 // Write text in first row
0x044B	0x3002      	MOVLW      2
0x044C	0x00D3      	MOVWF      FARG_Lcd_Out_row
0x044D	0x300D      	MOVLW      13
0x044E	0x00D4      	MOVWF      FARG_Lcd_Out_column
0x044F	0x3021      	MOVLW      ?lstr4_Timer1_Interrupt
0x0450	0x00D5      	MOVWF      FARG_Lcd_Out_text
0x0451	0x232A      	CALL       _Lcd_Out
;Timer1_Interrupt.c,82 :: 		PORTD = 0xFF;               // Initialize PORTB
0x0452	0x30FF      	MOVLW      255
0x0453	0x0088      	MOVWF      PORTD
;Timer1_Interrupt.c,83 :: 		TRISD = 0;                  // PORTB is output
0x0454	0x1683      	BSF        STATUS, 5
0x0455	0x0188      	CLRF       TRISD
;Timer1_Interrupt.c,84 :: 		T1CON = 1;                  // Timer1 settings
0x0456	0x3001      	MOVLW      1
0x0457	0x1283      	BCF        STATUS, 5
0x0458	0x0090      	MOVWF      T1CON
;Timer1_Interrupt.c,85 :: 		TMR1IF_bit = 0;             // clear TMR1IF
0x0459	0x100C      	BCF        TMR1IF_bit, 0
;Timer1_Interrupt.c,86 :: 		TMR1H = 0x80;               // Initialize Timer1 register
0x045A	0x3080      	MOVLW      128
0x045B	0x008F      	MOVWF      TMR1H
;Timer1_Interrupt.c,87 :: 		TMR1L = 0x00;
0x045C	0x018E      	CLRF       TMR1L
;Timer1_Interrupt.c,88 :: 		TMR1IE_bit = 1;             // enable Timer1 interrupt
0x045D	0x1683      	BSF        STATUS, 5
0x045E	0x140C      	BSF        TMR1IE_bit, 0
;Timer1_Interrupt.c,89 :: 		TMR0=0;
0x045F	0x1283      	BCF        STATUS, 5
0x0460	0x0181      	CLRF       TMR0
;Timer1_Interrupt.c,91 :: 		cnt =   0;                  // initialize cnt
0x0461	0x01CE      	CLRF       _cnt
;Timer1_Interrupt.c,92 :: 		INTCON = 0xE0;              // Set GIE, PEIE, TOIE
0x0462	0x30E0      	MOVLW      224
0x0463	0x008B      	MOVWF      INTCON
;Timer1_Interrupt.c,94 :: 		do {
L_main3:
;Timer1_Interrupt.c,95 :: 		if (cnt >= 61) {
0x0464	0x303D      	MOVLW      61
0x0465	0x024E      	SUBWF      _cnt, 0
0x0466	0x1C03      	BTFSS      STATUS, 0
0x0467	0x2C97      	GOTO       L_main6
;Timer1_Interrupt.c,96 :: 		PORTD  = ~PORTD;        // Toggle PORTB LEDs
0x0468	0x0988      	COMF       PORTD, 1
;Timer1_Interrupt.c,97 :: 		cnt = 0;                // Reset cnt
0x0469	0x01CE      	CLRF       _cnt
;Timer1_Interrupt.c,98 :: 		imp=imp+TMR0;
0x046A	0x0801      	MOVF       TMR0, 0
0x046B	0x07CF      	ADDWF      _imp, 1
0x046C	0x1803      	BTFSC      STATUS, 0
0x046D	0x0AD0      	INCF       _imp+1, 1
;Timer1_Interrupt.c,100 :: 		rpm=(imp*60)/36;
0x046E	0x084F      	MOVF       _imp, 0
0x046F	0x00F0      	MOVWF      R0
0x0470	0x0850      	MOVF       _imp+1, 0
0x0471	0x00F1      	MOVWF      R0+1
0x0472	0x303C      	MOVLW      60
0x0473	0x00F4      	MOVWF      R4
0x0474	0x3000      	MOVLW      0
0x0475	0x00F5      	MOVWF      R4+1
0x0476	0x22FF      	CALL       _Mul_16x16_U
0x0477	0x3024      	MOVLW      36
0x0478	0x00F4      	MOVWF      R4
0x0479	0x3000      	MOVLW      0
0x047A	0x00F5      	MOVWF      R4+1
0x047B	0x23B8      	CALL       _Div_16x16_U
0x047C	0x0870      	MOVF       R0, 0
0x047D	0x00CA      	MOVWF      _rpm
0x047E	0x0871      	MOVF       R0+1, 0
0x047F	0x00CB      	MOVWF      _rpm+1
0x0480	0x01CC      	CLRF       _rpm+2
0x0481	0x01CD      	CLRF       _rpm+3
;Timer1_Interrupt.c,101 :: 		LongToStr(rpm, Out_Text);
0x0482	0x084A      	MOVF       _rpm, 0
0x0483	0x00D3      	MOVWF      FARG_LongToStr_input
0x0484	0x084B      	MOVF       _rpm+1, 0
0x0485	0x00D4      	MOVWF      FARG_LongToStr_input+1
0x0486	0x084C      	MOVF       _rpm+2, 0
0x0487	0x00D5      	MOVWF      FARG_LongToStr_input+2
0x0488	0x084D      	MOVF       _rpm+3, 0
0x0489	0x00D6      	MOVWF      FARG_LongToStr_input+3
0x048A	0x303E      	MOVLW      _Out_Text
0x048B	0x00D7      	MOVWF      FARG_LongToStr_output
0x048C	0x226B      	CALL       _LongToStr
;Timer1_Interrupt.c,102 :: 		Lcd_Out(2,1,Out_Text);                 // Write text in first row
0x048D	0x3002      	MOVLW      2
0x048E	0x00D3      	MOVWF      FARG_Lcd_Out_row
0x048F	0x3001      	MOVLW      1
0x0490	0x00D4      	MOVWF      FARG_Lcd_Out_column
0x0491	0x303E      	MOVLW      _Out_Text
0x0492	0x00D5      	MOVWF      FARG_Lcd_Out_text
0x0493	0x232A      	CALL       _Lcd_Out
;Timer1_Interrupt.c,103 :: 		TMR0=0;
0x0494	0x0181      	CLRF       TMR0
;Timer1_Interrupt.c,104 :: 		imp=0;
0x0495	0x01CF      	CLRF       _imp
0x0496	0x01D0      	CLRF       _imp+1
;Timer1_Interrupt.c,105 :: 		}
L_main6:
;Timer1_Interrupt.c,106 :: 		} while (1);
0x0497	0x2C64      	GOTO       L_main3
;Timer1_Interrupt.c,107 :: 		}
L_end_main:
0x0498	0x2C98      	GOTO       $+0
; end of _main
Symbol List:
//** Routines locations **
//ADDRESS    SIZE    PROCEDURE
//----------------------------------------------
0x0004      [30]    _interrupt
0x0022       [3]    _Delay_1us
0x0025      [13]    _Delay_5500us
0x0032       [7]    _Delay_50us
0x0039     [376]    _Div_32x32_U
0x01B1      [64]    _Lcd_Cmd
0x01F1       [7]    _____DoICP
0x01F8     [107]    _LongWordToStr
0x0263       [8]    _Lcd_Chr_CP
0x026B     [148]    _LongToStr
0x02FF      [43]    _Mul_16x16_U
0x032A      [64]    _Lcd_Out
0x036A      [78]    _Lcd_Init
0x03B8      [29]    _Div_16x16_U
0x03D5      [12]    ___CC2DW
0x03E1     [184]    _main
//** Variables locations ** 
//ADDRESS    SIZE    VARIABLE
//----------------------------------------------
0x0000       [1]    INDF
0x0001       [1]    TMR0
0x0002       [1]    PCL
0x0003       [1]    STATUS
0x0004       [1]    FSR
0x0006       [0]    LCD_D7
0x0006       [0]    LCD_RS
0x0006       [0]    LCD_EN
0x0006       [0]    LCD_D4
0x0006       [0]    LCD_D6
0x0006       [0]    LCD_D5
0x0006       [0]    RB1_bit
0x0006       [0]    RB2_bit
0x0006       [0]    RB0_bit
0x0006       [0]    RB3_bit
0x0006       [0]    RB5_bit
0x0006       [0]    RB4_bit
0x0008       [1]    PORTD
0x000A       [1]    PCLATH
0x000B       [0]    TMR0IF_bit
0x000B       [1]    INTCON
0x000C       [0]    TMR1IF_bit
0x000E       [1]    TMR1L
0x000F       [1]    TMR1H
0x0010       [1]    T1CON
0x0020       [1]    ___math_tempb
0x0021       [4]    ?lstr4_Timer1_Interrupt
0x0025       [7]    ?lstr3_Timer1_Interrupt
0x002C       [8]    ?lstr2_Timer1_Interrupt
0x0034       [7]    ?lstr1_Timer1_Interrupt
0x003B       [0]    __Lib_Lcd_cmd_status
0x003C       [2]    ___DoICPAddr
0x003E      [12]    _Out_Text
0x004A       [4]    _rpm
0x004E       [1]    _cnt
0x004F       [2]    _imp
0x0051       [1]    ___savePCLATH
0x0052       [1]    ___saveSTATUS
0x0053       [1]    FARG_Lcd_Out_row
0x0053       [4]    FARG_LongToStr_input
0x0054       [1]    FARG_Lcd_Out_column
0x0055       [1]    FARG_Lcd_Out_text
0x0056       [1]    Lcd_Out_i_L0
0x0057       [1]    FARG_LongToStr_output
0x0058       [2]    LongToStr_i_L0
0x005A       [2]    LongToStr_negative_L0
0x005C       [4]    LongToStr_inword_L0
0x0060       [4]    FARG_LongWordToStr_input
0x0060       [1]    FARG_Lcd_Chr_CP_out_char
0x0064       [1]    FARG_LongWordToStr_output
0x0065       [2]    LongWordToStr_len_L0
0x0067       [1]    FLOC__LongWordToStr
0x0068       [1]    FARG_Lcd_Cmd_out_char
0x0070       [1]    R0
0x0071       [1]    R1
0x0072       [1]    R2
0x0073       [1]    R3
0x0074       [1]    R4
0x0075       [1]    R5
0x0076       [1]    R6
0x0077       [1]    R7
0x0078       [1]    R8
0x0079       [1]    R9
0x007A       [1]    R10
0x007B       [1]    R11
0x007C       [1]    R12
0x007D       [1]    R13
0x007E       [1]    R14
0x007F       [1]    R15
0x0081       [1]    OPTION_REG
0x0085       [1]    TRISA
0x0086       [0]    TRISB0_bit
0x0086       [0]    TRISB1_bit
0x0086       [0]    LCD_D6_Direction
0x0086       [0]    LCD_D7_Direction
0x0086       [0]    TRISB5_bit
0x0086       [0]    TRISB2_bit
0x0086       [0]    TRISB3_bit
0x0086       [0]    LCD_D4_Direction
0x0086       [0]    LCD_RS_Direction
0x0086       [0]    LCD_EN_Direction
0x0086       [0]    TRISB4_bit
0x0086       [0]    LCD_D5_Direction
0x0088       [1]    TRISD
0x008C       [0]    TMR1IE_bit
0x0107       [0]    C1ON_bit
0x0108       [0]    C2ON_bit
0x0188       [1]    ANSEL
0x0189       [1]    ANSELH
//** Label List: ** 
//----------------------------------------------
  L_interrupt0
  L_interrupt1
  L_main2
  L_main3
  L_main4
  L_main5
  L_main6
  L_end_interrupt
  _interrupt
  L__interrupt8
  L_end_main
  _main
  L_ByteToStr0
  L_ByteToStr1
  L_ByteToStr2
  L_ByteToStr3
  L_ByteToStr4
  L_ByteToStr5
  L_WordToStr6
  L_WordToStr7
  L_WordToStr8
  L_WordToStr9
  L_WordToStr10
  L_WordToStr11
  L_WordToStrWithZeros12
  L_WordToStrWithZeros13
  L_WordToStrWithZeros14
  L_WordToStrWithZeros15
  L_WordToStrWithZeros16
  L_ShortToStr17
  L_ShortToStr18
  L_ShortToStr19
  L_ShortToStr20
  L_ShortToStr21
  L_ShortToStr22
  L_IntToStr23
  L_IntToStr24
  L_IntToStr25
  L_IntToStr26
  L_IntToStr27
  L_IntToStr28
  L_IntToStrWithZeros29
  L_IntToStrWithZeros30
  L_IntToStrWithZeros31
  L_IntToStrWithZeros32
  L_IntToStrWithZeros33
  L_IntToStrWithZeros34
  L_IntToStrWithZeros35
  L_IntToStrWithZeros36
  L_IntToStrWithZeros37
  L_LongWordToStr38
  L_LongWordToStr39
  L_LongWordToStr40
  L_LongWordToStr41
  L_LongWordToStr42
  L_LongWordToStr43
  L_LongWordToStrWithZeros44
  L_LongWordToStrWithZeros45
  L_LongWordToStrWithZeros46
  L_LongWordToStrWithZeros47
  L_LongWordToStrWithZeros48
  L_LongToStr49
  L_LongToStr50
  L_LongToStr51
  L_LongToStr52
  L_LongToStr53
  L_LongToStr54
  L_LongIntToStrWithZeros55
  L_LongIntToStrWithZeros56
  L_LongIntToStrWithZeros57
  L_LongIntToStrWithZeros58
  L_LongIntToStrWithZeros59
  L_LongIntToStrWithZeros60
  L_LongIntToStrWithZeros61
  L_LongIntToStrWithZeros62
  L_LongIntToStrWithZeros63
  L_Dec2Bcd64
  L_Dec2Bcd65
  L_Rtrim66
  L_Rtrim67
  L_Rtrim68
  L_Rtrim69
  L_Ltrim70
  L_Ltrim71
  L_Ltrim72
  L_Ltrim73
  L_Ltrim74
  L_Ltrim75
  L_FloatToStr76
  L_FloatToStr77
  L_FloatToStr78
  L_FloatToStr79
  L_FloatToStr80
  L_FloatToStr81
  L_FloatToStr82
  L_FloatToStr83
  L_FloatToStr84
  L_FloatToStr85
  L_FloatToStr86
  L_FloatToStr87
  L_FloatToStr88
  L_FloatToStr89
  L_FloatToStr90
  L_FloatToStr91
  L_FloatToStr92
  L_FloatToStr93
  L_FloatToStr94
  L_FloatToStr95
  L_FloatToStr96
  L_FloatToStr97
  L__Rtrim98
  L__Ltrim99
  L__FloatToStr100
  L_end_ByteToHex
  _ByteToHex
  L_end_ShortToHex
  _ShortToHex
  L_end_WordToHex
  _WordToHex
  L_end_IntToHex
  _IntToHex
  L_end_LongWordToHex
  _LongWordToHex
  L_end_LongIntToHex
  _LongIntToHex
  L_end_ByteToStr
  _ByteToStr
  L_end_WordToStr
  _WordToStr
  L__WordToStr109
  L_end_WordToStrWithZeros
  _WordToStrWithZeros
  L__WordToStrWithZeros111
  L_end_ShortToStr
  _ShortToStr
  L__ShortToStr113
  L_end_IntToStr
  _IntToStr
  L__IntToStr115
  L__IntToStr116
  L_end_IntToStrWithZeros
  _IntToStrWithZeros
  L__IntToStrWithZeros118
  L__IntToStrWithZeros119
  L__IntToStrWithZeros120
  L_end_LongWordToStr
  _LongWordToStr
  L__LongWordToStr122
  L__LongWordToStr123
  L_end_LongWordToStrWithZeros
  _LongWordToStrWithZeros
  L__LongWordToStrWithZeros125
  L_end_LongToStr
  _LongToStr
  L__LongToStr127
  L__LongToStr128
  L_end_LongIntToStrWithZeros
  _LongIntToStrWithZeros
  L__LongIntToStrWithZeros130
  L__LongIntToStrWithZeros131
  L__LongIntToStrWithZeros132
  L_end_Dec2Bcd
  _Dec2Bcd
  L_end_Bcd2Dec
  _Bcd2Dec
  L_end_Bcd2Dec16
  _Bcd2Dec16
  L__Bcd2Dec16136
  L__Bcd2Dec16137
  L_end_Dec2Bcd16
  _Dec2Bcd16
  L__Dec2Bcd16139
  L__Dec2Bcd16140
  L_end_Rtrim
  _Rtrim
  L_end_Ltrim
  _Ltrim
  L_end_FloatToStr
  _FloatToStr
  L__FloatToStr144
  L__FloatToStr145
  L__FloatToStr146
  L__FloatToStr147
  L__FloatToStr148
  L_Delay_10us0
  L_Delay_22us1
  L_Delay_50us2
  L_Delay_80us3
  L_Delay_500us4
  L_Delay_5500us5
  L_Delay_1ms6
  L_Delay_5ms7
  L_Delay_8ms8
  L_Delay_10ms9
  L_Delay_100ms10
  L_Delay_1sec11
  L_boot16_Delay_5ms12
  L_Delay_Cyc13
  L_Delay_Cyc14
  L_VDelay_ms15
  L_VDelay_ms16
  L_VDelay_ms17
  L_VDelay_Advanced_ms18
  L_VDelay_Advanced_ms19
  L_VDelay_Advanced_ms20
  L_end_Get_Fosc_kHz
  _Get_Fosc_kHz
  L_end_Delay_1us
  _Delay_1us
  L_end_Delay_10us
  _Delay_10us
  L_end_Delay_22us
  _Delay_22us
  L_end_Delay_50us
  _Delay_50us
  L_end_Delay_80us
  _Delay_80us
  L_end_Delay_500us
  _Delay_500us
  L_end_Delay_5500us
  _Delay_5500us
  L_end_Delay_1ms
  _Delay_1ms
  L_end_Delay_5ms
  _Delay_5ms
  L_end_Delay_8ms
  _Delay_8ms
  L_end_Delay_10ms
  _Delay_10ms
  L_end_Delay_100ms
  _Delay_100ms
  L_end_Delay_1sec
  _Delay_1sec
  L_end_boot16_Delay_5ms
  _boot16_Delay_5ms
  L_end_Delay_Cyc
  _Delay_Cyc
  L_end_VDelay_ms
  _VDelay_ms
  L__VDelay_ms38
  L__VDelay_ms39
  L__VDelay_ms40
  L_end_VDelay_Advanced_ms
  _VDelay_Advanced_ms
  L__VDelay_Advanced_ms42
  L__VDelay_Advanced_ms43
  L__VDelay_Advanced_ms44
  L_Lcd_Cmd0
  L_Lcd_Cmd1
  L_Lcd_Out_CP2
  L_Lcd_Out_CP3
  L_Lcd_Chr4
  L_Lcd_Chr5
  L_Lcd_Chr6
  L_Lcd_Chr7
  L_Lcd_Chr8
  L_Lcd_Chr9
  L_Lcd_Chr10
  L_Lcd_Out11
  L_Lcd_Out12
  L_Lcd_Out13
  L_Lcd_Out14
  L_Lcd_Out15
  L_Lcd_Out16
  L_Lcd_Out17
  L_Lcd_Out18
  L_Lcd_Out19
  L_end_Lcd_Cmd
  _Lcd_Cmd
  L__Lcd_Cmd21
  L__Lcd_Cmd22
  L__Lcd_Cmd23
  L__Lcd_Cmd24
  L__Lcd_Cmd25
  L__Lcd_Cmd26
  L__Lcd_Cmd27
  L__Lcd_Cmd28
  L__Lcd_Cmd29
  L__Lcd_Cmd30
  L__Lcd_Cmd31
  L__Lcd_Cmd32
  L__Lcd_Cmd33
  L__Lcd_Cmd34
  L__Lcd_Cmd35
  L__Lcd_Cmd36
  L__Lcd_Cmd37
  L__Lcd_Cmd38
  L__Lcd_Cmd39
  L__Lcd_Cmd40
  L_end_Lcd_Chr_CP
  _Lcd_Chr_CP
  L_end_Lcd_Out_CP
  _Lcd_Out_CP
  L_end_Lcd_Chr
  _Lcd_Chr
  L_end_Lcd_Init
  _Lcd_Init
  L_end_Lcd_Out
  _Lcd_Out
  L_Div_16x16_S0
  L_Div_16x16_S1
  LOOPS3232A
  SADD22LA
  SOK22LA
  SADD22L8
  SOK22L8
  LOOPS3232B
  SADD22LB
  SOK22LB
  SADD22L16
  SOK22L16
  LOOPS3232C
  SADD22LC
  SOK22LC
  SADD22L24
  SOK22L24
  LOOPS3232D
  SADD22LD
  SOK22LD
  SOK22L
  L_Div_32x32_S6
  L_Div_32x32_S7
  L_Div_32x32_S8
  L_Div_32x32_S9
  FXD3232S
  END_ALL
  CA3232S
  C3232SX
  C3232SX1
  C3232S
  C3232S2
  C3232SX4
  C3232SOK
  C3232SX3
  C3232SX2
  avoid_comfrem
  LOOPU3232A
  UADD22LA
  UOK22LA
  UADD22L8
  UOK22L8
  LOOPU3232B
  UADD22LB
  UOK22LB
  UADD22L16
  UOK22L16
  LOOPU3232C
  UADD22LC
  UOK22LC
  UADD22L24
  UOK22L24
  LOOPU3232D
  UADD22LD
  UOK22LD
  UOK22L
  _NEXT
  _EXIT2
  _LOOP
  _EXIT1
  _IF_FIRST
  _IF_SECOND
  _INVERCE_FIRST
  _MULT
  _INBERSE_SECOND
  _EXIT
  L_end_Mul_8x8_U
  _Mul_8x8_U
  L_end_Mul_16x16_U
  _Mul_16x16_U
  L_end_Div_8x8_U
  _Div_8x8_U
  L_end_Div_16x16_U
  _Div_16x16_U
  L_end_Mul_8x8_S
  _Mul_8x8_S
  L_end_Mul_16x16_S
  _Mul_16x16_S
  L_end_Div_16x16_S_L
  _Div_16x16_S_L
  L_end_Div_16x16_S
  _Div_16x16_S
  L_end_Div_8x8_S
  _Div_8x8_S
  L_end_SDIV3232L
  _SDIV3232L
  L_end_COMFREM
  _COMFREM
  L_end_Div_32x32_S
  _Div_32x32_S
  L_end_Div_32x32_U
  _Div_32x32_U
  L_end_Mul_32x32_U
  _Mul_32x32_U
  L_end_Mul_32x32_S
  _Mul_32x32_S
  L_loopCA2AWs
  L_CA2AWend
  _CCA2AW_Loop1
  L_loopCS2Ss
  L_CS2Send
  _CCS2S_Loop1
  L_CCS2Send
  L_loopFZinSWs
  L_FZinSend
  _CC2D_Loop1
  L_end_____DoICP
  _____DoICP
  L_end_____DoIFC
  _____DoIFC
  L_end___CA2AW
  ___CA2AW
  L_end___CCA2AW
  ___CCA2AW
  L_end___CS2S
  ___CS2S
  L_end___CCS2S
  ___CCS2S
  L_end___FZinS
  ___FZinS
  L_end___CC2DW
  ___CC2DW
  L_end_Swap
  _Swap
  L_interrupt0
  L_interrupt1
  L_main2
  L_main3
  L_main4
  L_main5
  L_main6
  L_end_interrupt
  _interrupt
  L__interrupt8
  L_end_main
  _main
